{"timestamp": "2025-07-31T13:11:24.506830", "level": "INFO", "logger": "root", "message": "Logging configured with level: INFO", "module": "logging", "function": "setup_logging", "line": 237, "taskName": null}
{"timestamp": "2025-07-31T13:11:24.719329", "level": "INFO", "logger": "root", "message": "Logging configured with level: INFO", "module": "logging", "function": "setup_logging", "line": 237, "taskName": null}
{"timestamp": "2025-07-31T13:11:24.719403", "level": "INFO", "logger": "common.database.connection", "message": "Creating new DatabaseManager instance", "module": "connection", "function": "get_db_manager", "line": 291, "taskName": null}
{"timestamp": "2025-07-31T13:11:24.719442", "level": "INFO", "logger": "common.database.connection", "message": "Initializing DatabaseManager", "module": "connection", "function": "__init__", "line": 27, "taskName": null}
{"timestamp": "2025-07-31T13:11:24.719481", "level": "INFO", "logger": "common.database.connection", "message": "DatabaseManager settings loaded: postgresql://postgres:your-super-secret-and-long-postgres-password@localhost:5432/health_assistant", "module": "connection", "function": "__init__", "line": 29, "taskName": null}
{"timestamp": "2025-07-31T13:11:24.719513", "level": "INFO", "logger": "common.database.connection", "message": "DatabaseManager initialized successfully", "module": "connection", "function": "__init__", "line": 36, "taskName": null}
{"timestamp": "2025-07-31T13:11:24.719620", "level": "INFO", "logger": "common.database.connection", "message": "DatabaseManager instance created", "module": "connection", "function": "get_db_manager", "line": 293, "taskName": null}
{"timestamp": "2025-07-31T13:11:25.263845", "level": "INFO", "logger": "common.utils.resilience", "message": "{\"event\": \"Redis client initialized for circuit breaker: circuit_breaker\", \"logger\": \"common.utils.resilience\", \"level\": \"info\", \"timestamp\": \"2025-07-31T13:11:25.263580Z\"}", "module": "resilience", "function": "_init_redis", "line": 55, "taskName": null}
{"timestamp": "2025-07-31T13:11:25.264419", "level": "INFO", "logger": "common.middleware.auth", "message": "{\"event\": \"Redis client initialized for auth middleware\", \"logger\": \"common.middleware.auth\", \"level\": \"info\", \"timestamp\": \"2025-07-31T13:11:25.264308Z\"}", "module": "auth", "function": "_init_redis", "line": 132, "taskName": null}
{"timestamp": "2025-07-31T13:11:25.744843", "level": "INFO", "logger": "sqlalchemy.orm.mapper.Mapper", "message": "(ConsentAuditLog|consent_audit_logs) _configure_property(user, _RelationshipDeclared)", "module": "mapper", "function": "_log", "line": 2471, "taskName": null}
{"timestamp": "2025-07-31T13:11:25.744943", "level": "INFO", "logger": "sqlalchemy.orm.mapper.Mapper", "message": "(ConsentAuditLog|consent_audit_logs) _configure_property(consent_record, _RelationshipDeclared)", "module": "mapper", "function": "_log", "line": 2471, "taskName": null}
{"timestamp": "2025-07-31T13:11:25.745000", "level": "INFO", "logger": "sqlalchemy.orm.mapper.Mapper", "message": "(ConsentAuditLog|consent_audit_logs) _configure_property(actor, _RelationshipDeclared)", "module": "mapper", "function": "_log", "line": 2471, "taskName": null}
{"timestamp": "2025-07-31T13:11:25.745142", "level": "INFO", "logger": "sqlalchemy.orm.mapper.Mapper", "message": "(ConsentAuditLog|consent_audit_logs) _configure_property(id, Column)", "module": "mapper", "function": "_log", "line": 2471, "taskName": null}
{"timestamp": "2025-07-31T13:11:25.745388", "level": "INFO", "logger": "sqlalchemy.orm.mapper.Mapper", "message": "(ConsentAuditLog|consent_audit_logs) _configure_property(event_type, Column)", "module": "mapper", "function": "_log", "line": 2471, "taskName": null}
{"timestamp": "2025-07-31T13:11:25.745625", "level": "INFO", "logger": "sqlalchemy.orm.mapper.Mapper", "message": "(ConsentAuditLog|consent_audit_logs) _configure_property(event_timestamp, Column)", "module": "mapper", "function": "_log", "line": 2471, "taskName": null}
{"timestamp": "2025-07-31T13:11:25.745724", "level": "INFO", "logger": "sqlalchemy.orm.mapper.Mapper", "message": "(ConsentAuditLog|consent_audit_logs) _configure_property(severity, Column)", "module": "mapper", "function": "_log", "line": 2471, "taskName": null}
{"timestamp": "2025-07-31T13:11:25.745809", "level": "INFO", "logger": "sqlalchemy.orm.mapper.Mapper", "message": "(ConsentAuditLog|consent_audit_logs) _configure_property(user_id, Column)", "module": "mapper", "function": "_log", "line": 2471, "taskName": null}
{"timestamp": "2025-07-31T13:11:25.745864", "level": "INFO", "logger": "sqlalchemy.orm.mapper.Mapper", "message": "(ConsentAuditLog|consent_audit_logs) _configure_property(consent_record_id, Column)", "module": "mapper", "function": "_log", "line": 2471, "taskName": null}
{"timestamp": "2025-07-31T13:11:25.745913", "level": "INFO", "logger": "sqlalchemy.orm.mapper.Mapper", "message": "(ConsentAuditLog|consent_audit_logs) _configure_property(data_subject_id, Column)", "module": "mapper", "function": "_log", "line": 2471, "taskName": null}
{"timestamp": "2025-07-31T13:11:25.745959", "level": "INFO", "logger": "sqlalchemy.orm.mapper.Mapper", "message": "(ConsentAuditLog|consent_audit_logs) _configure_property(event_description, Column)", "module": "mapper", "function": "_log", "line": 2471, "taskName": null}
{"timestamp": "2025-07-31T13:11:25.746005", "level": "INFO", "logger": "sqlalchemy.orm.mapper.Mapper", "message": "(ConsentAuditLog|consent_audit_logs) _configure_property(event_data, Column)", "module": "mapper", "function": "_log", "line": 2471, "taskName": null}
{"timestamp": "2025-07-31T13:11:25.746144", "level": "INFO", "logger": "sqlalchemy.orm.mapper.Mapper", "message": "(ConsentAuditLog|consent_audit_logs) _configure_property(ip_address, Column)", "module": "mapper", "function": "_log", "line": 2471, "taskName": null}
{"timestamp": "2025-07-31T13:11:25.746414", "level": "INFO", "logger": "sqlalchemy.orm.mapper.Mapper", "message": "(ConsentAuditLog|consent_audit_logs) _configure_property(user_agent, Column)", "module": "mapper", "function": "_log", "line": 2471, "taskName": null}
{"timestamp": "2025-07-31T13:11:25.746533", "level": "INFO", "logger": "sqlalchemy.orm.mapper.Mapper", "message": "(ConsentAuditLog|consent_audit_logs) _configure_property(session_id, Column)", "module": "mapper", "function": "_log", "line": 2471, "taskName": null}
{"timestamp": "2025-07-31T13:11:25.746590", "level": "INFO", "logger": "sqlalchemy.orm.mapper.Mapper", "message": "(ConsentAuditLog|consent_audit_logs) _configure_property(actor_id, Column)", "module": "mapper", "function": "_log", "line": 2471, "taskName": null}
{"timestamp": "2025-07-31T13:11:25.746633", "level": "INFO", "logger": "sqlalchemy.orm.mapper.Mapper", "message": "(ConsentAuditLog|consent_audit_logs) _configure_property(actor_type, Column)", "module": "mapper", "function": "_log", "line": 2471, "taskName": null}
{"timestamp": "2025-07-31T13:11:25.746677", "level": "INFO", "logger": "sqlalchemy.orm.mapper.Mapper", "message": "(ConsentAuditLog|consent_audit_logs) _configure_property(actor_role, Column)", "module": "mapper", "function": "_log", "line": 2471, "taskName": null}
{"timestamp": "2025-07-31T13:11:25.746785", "level": "INFO", "logger": "sqlalchemy.orm.mapper.Mapper", "message": "(ConsentAuditLog|consent_audit_logs) _configure_property(gdpr_compliant, Column)", "module": "mapper", "function": "_log", "line": 2471, "taskName": null}
{"timestamp": "2025-07-31T13:11:25.747113", "level": "INFO", "logger": "sqlalchemy.orm.mapper.Mapper", "message": "(ConsentAuditLog|consent_audit_logs) _configure_property(hipaa_compliant, Column)", "module": "mapper", "function": "_log", "line": 2471, "taskName": null}
{"timestamp": "2025-07-31T13:11:25.747335", "level": "INFO", "logger": "sqlalchemy.orm.mapper.Mapper", "message": "(ConsentAuditLog|consent_audit_logs) _configure_property(compliance_notes, Column)", "module": "mapper", "function": "_log", "line": 2471, "taskName": null}
{"timestamp": "2025-07-31T13:11:25.747403", "level": "INFO", "logger": "sqlalchemy.orm.mapper.Mapper", "message": "(ConsentAuditLog|consent_audit_logs) _configure_property(compliance_issues, Column)", "module": "mapper", "function": "_log", "line": 2471, "taskName": null}
{"timestamp": "2025-07-31T13:11:25.747462", "level": "INFO", "logger": "sqlalchemy.orm.mapper.Mapper", "message": "(ConsentAuditLog|consent_audit_logs) _configure_property(risk_level, Column)", "module": "mapper", "function": "_log", "line": 2471, "taskName": null}
{"timestamp": "2025-07-31T13:11:25.747510", "level": "INFO", "logger": "sqlalchemy.orm.mapper.Mapper", "message": "(ConsentAuditLog|consent_audit_logs) _configure_property(risk_factors, Column)", "module": "mapper", "function": "_log", "line": 2471, "taskName": null}
{"timestamp": "2025-07-31T13:11:25.747554", "level": "INFO", "logger": "sqlalchemy.orm.mapper.Mapper", "message": "(ConsentAuditLog|consent_audit_logs) _configure_property(mitigation_actions, Column)", "module": "mapper", "function": "_log", "line": 2471, "taskName": null}
{"timestamp": "2025-07-31T13:11:25.747624", "level": "INFO", "logger": "sqlalchemy.orm.mapper.Mapper", "message": "(ConsentAuditLog|consent_audit_logs) _configure_property(created_at, Column)", "module": "mapper", "function": "_log", "line": 2471, "taskName": null}
{"timestamp": "2025-07-31T13:11:25.748182", "level": "INFO", "logger": "sqlalchemy.orm.mapper.Mapper", "message": "(ConsentAuditLog|consent_audit_logs) Identified primary key columns: OrderedSet([Column('id', UUID(), table=<consent_audit_logs>, primary_key=True, nullable=False, default=CallableColumnDefault(<function uuid4 at 0x104bd77e0>))])", "module": "mapper", "function": "_log", "line": 2471, "taskName": null}
{"timestamp": "2025-07-31T13:11:25.748296", "level": "INFO", "logger": "sqlalchemy.orm.mapper.Mapper", "message": "(ConsentAuditLog|consent_audit_logs) constructed", "module": "mapper", "function": "_log", "line": 2471, "taskName": null}
{"timestamp": "2025-07-31T13:11:25.756420", "level": "INFO", "logger": "sqlalchemy.orm.mapper.Mapper", "message": "(DataProcessingAudit|data_processing_audits) _configure_property(user, _RelationshipDeclared)", "module": "mapper", "function": "_log", "line": 2471, "taskName": null}
{"timestamp": "2025-07-31T13:11:25.756504", "level": "INFO", "logger": "sqlalchemy.orm.mapper.Mapper", "message": "(DataProcessingAudit|data_processing_audits) _configure_property(consent_record, _RelationshipDeclared)", "module": "mapper", "function": "_log", "line": 2471, "taskName": null}
{"timestamp": "2025-07-31T13:11:25.756573", "level": "INFO", "logger": "sqlalchemy.orm.mapper.Mapper", "message": "(DataProcessingAudit|data_processing_audits) _configure_property(id, Column)", "module": "mapper", "function": "_log", "line": 2471, "taskName": null}
{"timestamp": "2025-07-31T13:11:25.756658", "level": "INFO", "logger": "sqlalchemy.orm.mapper.Mapper", "message": "(DataProcessingAudit|data_processing_audits) _configure_property(processing_purpose, Column)", "module": "mapper", "function": "_log", "line": 2471, "taskName": null}
{"timestamp": "2025-07-31T13:11:25.756711", "level": "INFO", "logger": "sqlalchemy.orm.mapper.Mapper", "message": "(DataProcessingAudit|data_processing_audits) _configure_property(processing_timestamp, Column)", "module": "mapper", "function": "_log", "line": 2471, "taskName": null}
{"timestamp": "2025-07-31T13:11:25.756760", "level": "INFO", "logger": "sqlalchemy.orm.mapper.Mapper", "message": "(DataProcessingAudit|data_processing_audits) _configure_property(processing_duration, Column)", "module": "mapper", "function": "_log", "line": 2471, "taskName": null}
{"timestamp": "2025-07-31T13:11:25.756809", "level": "INFO", "logger": "sqlalchemy.orm.mapper.Mapper", "message": "(DataProcessingAudit|data_processing_audits) _configure_property(data_categories, Column)", "module": "mapper", "function": "_log", "line": 2471, "taskName": null}
{"timestamp": "2025-07-31T13:11:25.756852", "level": "INFO", "logger": "sqlalchemy.orm.mapper.Mapper", "message": "(DataProcessingAudit|data_processing_audits) _configure_property(data_volume, Column)", "module": "mapper", "function": "_log", "line": 2471, "taskName": null}
{"timestamp": "2025-07-31T13:11:25.756913", "level": "INFO", "logger": "sqlalchemy.orm.mapper.Mapper", "message": "(DataProcessingAudit|data_processing_audits) _configure_property(data_sensitivity, Column)", "module": "mapper", "function": "_log", "line": 2471, "taskName": null}
{"timestamp": "2025-07-31T13:11:25.756957", "level": "INFO", "logger": "sqlalchemy.orm.mapper.Mapper", "message": "(DataProcessingAudit|data_processing_audits) _configure_property(user_id, Column)", "module": "mapper", "function": "_log", "line": 2471, "taskName": null}
{"timestamp": "2025-07-31T13:11:25.756999", "level": "INFO", "logger": "sqlalchemy.orm.mapper.Mapper", "message": "(DataProcessingAudit|data_processing_audits) _configure_property(consent_record_id, Column)", "module": "mapper", "function": "_log", "line": 2471, "taskName": null}
{"timestamp": "2025-07-31T13:11:25.757130", "level": "INFO", "logger": "sqlalchemy.orm.mapper.Mapper", "message": "(DataProcessingAudit|data_processing_audits) _configure_property(data_subject_id, Column)", "module": "mapper", "function": "_log", "line": 2471, "taskName": null}
{"timestamp": "2025-07-31T13:11:25.757341", "level": "INFO", "logger": "sqlalchemy.orm.mapper.Mapper", "message": "(DataProcessingAudit|data_processing_audits) _configure_property(processing_method, Column)", "module": "mapper", "function": "_log", "line": 2471, "taskName": null}
{"timestamp": "2025-07-31T13:11:25.757566", "level": "INFO", "logger": "sqlalchemy.orm.mapper.Mapper", "message": "(DataProcessingAudit|data_processing_audits) _configure_property(processing_location, Column)", "module": "mapper", "function": "_log", "line": 2471, "taskName": null}
{"timestamp": "2025-07-31T13:11:25.757693", "level": "INFO", "logger": "sqlalchemy.orm.mapper.Mapper", "message": "(DataProcessingAudit|data_processing_audits) _configure_property(processing_tools, Column)", "module": "mapper", "function": "_log", "line": 2471, "taskName": null}
{"timestamp": "2025-07-31T13:11:25.757789", "level": "INFO", "logger": "sqlalchemy.orm.mapper.Mapper", "message": "(DataProcessingAudit|data_processing_audits) _configure_property(third_parties_involved, Column)", "module": "mapper", "function": "_log", "line": 2471, "taskName": null}
{"timestamp": "2025-07-31T13:11:25.758137", "level": "INFO", "logger": "sqlalchemy.orm.mapper.Mapper", "message": "(DataProcessingAudit|data_processing_audits) _configure_property(data_shared_with, Column)", "module": "mapper", "function": "_log", "line": 2471, "taskName": null}
{"timestamp": "2025-07-31T13:11:25.758428", "level": "INFO", "logger": "sqlalchemy.orm.mapper.Mapper", "message": "(DataProcessingAudit|data_processing_audits) _configure_property(legal_basis, Column)", "module": "mapper", "function": "_log", "line": 2471, "taskName": null}
{"timestamp": "2025-07-31T13:11:25.758746", "level": "INFO", "logger": "sqlalchemy.orm.mapper.Mapper", "message": "(DataProcessingAudit|data_processing_audits) _configure_property(consent_verified, Column)", "module": "mapper", "function": "_log", "line": 2471, "taskName": null}
{"timestamp": "2025-07-31T13:11:25.758962", "level": "INFO", "logger": "sqlalchemy.orm.mapper.Mapper", "message": "(DataProcessingAudit|data_processing_audits) _configure_property(consent_verification_method, Column)", "module": "mapper", "function": "_log", "line": 2471, "taskName": null}
{"timestamp": "2025-07-31T13:11:25.759076", "level": "INFO", "logger": "sqlalchemy.orm.mapper.Mapper", "message": "(DataProcessingAudit|data_processing_audits) _configure_property(compliance_status, Column)", "module": "mapper", "function": "_log", "line": 2471, "taskName": null}
{"timestamp": "2025-07-31T13:11:25.759262", "level": "INFO", "logger": "sqlalchemy.orm.mapper.Mapper", "message": "(DataProcessingAudit|data_processing_audits) _configure_property(data_encrypted, Column)", "module": "mapper", "function": "_log", "line": 2471, "taskName": null}
{"timestamp": "2025-07-31T13:11:25.759329", "level": "INFO", "logger": "sqlalchemy.orm.mapper.Mapper", "message": "(DataProcessingAudit|data_processing_audits) _configure_property(access_controls, Column)", "module": "mapper", "function": "_log", "line": 2471, "taskName": null}
{"timestamp": "2025-07-31T13:11:25.759416", "level": "INFO", "logger": "sqlalchemy.orm.mapper.Mapper", "message": "(DataProcessingAudit|data_processing_audits) _configure_property(retention_period, Column)", "module": "mapper", "function": "_log", "line": 2471, "taskName": null}
{"timestamp": "2025-07-31T13:11:25.759529", "level": "INFO", "logger": "sqlalchemy.orm.mapper.Mapper", "message": "(DataProcessingAudit|data_processing_audits) _configure_property(created_at, Column)", "module": "mapper", "function": "_log", "line": 2471, "taskName": null}
{"timestamp": "2025-07-31T13:11:25.759597", "level": "INFO", "logger": "sqlalchemy.orm.mapper.Mapper", "message": "(DataProcessingAudit|data_processing_audits) _configure_property(updated_at, Column)", "module": "mapper", "function": "_log", "line": 2471, "taskName": null}
{"timestamp": "2025-07-31T13:11:25.759794", "level": "INFO", "logger": "sqlalchemy.orm.mapper.Mapper", "message": "(DataProcessingAudit|data_processing_audits) Identified primary key columns: OrderedSet([Column('id', UUID(), table=<data_processing_audits>, primary_key=True, nullable=False, default=CallableColumnDefault(<function uuid4 at 0x104c8c4a0>))])", "module": "mapper", "function": "_log", "line": 2471, "taskName": null}
{"timestamp": "2025-07-31T13:11:25.759914", "level": "INFO", "logger": "sqlalchemy.orm.mapper.Mapper", "message": "(DataProcessingAudit|data_processing_audits) constructed", "module": "mapper", "function": "_log", "line": 2471, "taskName": null}
{"timestamp": "2025-07-31T13:11:25.761070", "level": "INFO", "logger": "sqlalchemy.orm.mapper.Mapper", "message": "(ComplianceReport|compliance_reports) _configure_property(user, _RelationshipDeclared)", "module": "mapper", "function": "_log", "line": 2471, "taskName": null}
{"timestamp": "2025-07-31T13:11:25.761139", "level": "INFO", "logger": "sqlalchemy.orm.mapper.Mapper", "message": "(ComplianceReport|compliance_reports) _configure_property(id, Column)", "module": "mapper", "function": "_log", "line": 2471, "taskName": null}
{"timestamp": "2025-07-31T13:11:25.761208", "level": "INFO", "logger": "sqlalchemy.orm.mapper.Mapper", "message": "(ComplianceReport|compliance_reports) _configure_property(report_type, Column)", "module": "mapper", "function": "_log", "line": 2471, "taskName": null}
{"timestamp": "2025-07-31T13:11:25.761257", "level": "INFO", "logger": "sqlalchemy.orm.mapper.Mapper", "message": "(ComplianceReport|compliance_reports) _configure_property(report_period_start, Column)", "module": "mapper", "function": "_log", "line": 2471, "taskName": null}
{"timestamp": "2025-07-31T13:11:25.761496", "level": "INFO", "logger": "sqlalchemy.orm.mapper.Mapper", "message": "(ComplianceReport|compliance_reports) _configure_property(report_period_end, Column)", "module": "mapper", "function": "_log", "line": 2471, "taskName": null}
{"timestamp": "2025-07-31T13:11:25.761568", "level": "INFO", "logger": "sqlalchemy.orm.mapper.Mapper", "message": "(ComplianceReport|compliance_reports) _configure_property(report_status, Column)", "module": "mapper", "function": "_log", "line": 2471, "taskName": null}
{"timestamp": "2025-07-31T13:11:25.761623", "level": "INFO", "logger": "sqlalchemy.orm.mapper.Mapper", "message": "(ComplianceReport|compliance_reports) _configure_property(user_id, Column)", "module": "mapper", "function": "_log", "line": 2471, "taskName": null}
{"timestamp": "2025-07-31T13:11:25.761673", "level": "INFO", "logger": "sqlalchemy.orm.mapper.Mapper", "message": "(ComplianceReport|compliance_reports) _configure_property(organization_id, Column)", "module": "mapper", "function": "_log", "line": 2471, "taskName": null}
{"timestamp": "2025-07-31T13:11:25.761717", "level": "INFO", "logger": "sqlalchemy.orm.mapper.Mapper", "message": "(ComplianceReport|compliance_reports) _configure_property(scope_description, Column)", "module": "mapper", "function": "_log", "line": 2471, "taskName": null}
{"timestamp": "2025-07-31T13:11:25.761760", "level": "INFO", "logger": "sqlalchemy.orm.mapper.Mapper", "message": "(ComplianceReport|compliance_reports) _configure_property(total_consents, Column)", "module": "mapper", "function": "_log", "line": 2471, "taskName": null}
{"timestamp": "2025-07-31T13:11:25.761821", "level": "INFO", "logger": "sqlalchemy.orm.mapper.Mapper", "message": "(ComplianceReport|compliance_reports) _configure_property(active_consents, Column)", "module": "mapper", "function": "_log", "line": 2471, "taskName": null}
{"timestamp": "2025-07-31T13:11:25.761868", "level": "INFO", "logger": "sqlalchemy.orm.mapper.Mapper", "message": "(ComplianceReport|compliance_reports) _configure_property(expired_consents, Column)", "module": "mapper", "function": "_log", "line": 2471, "taskName": null}
{"timestamp": "2025-07-31T13:11:25.761913", "level": "INFO", "logger": "sqlalchemy.orm.mapper.Mapper", "message": "(ComplianceReport|compliance_reports) _configure_property(withdrawn_consents, Column)", "module": "mapper", "function": "_log", "line": 2471, "taskName": null}
{"timestamp": "2025-07-31T13:11:25.761959", "level": "INFO", "logger": "sqlalchemy.orm.mapper.Mapper", "message": "(ComplianceReport|compliance_reports) _configure_property(compliance_violations, Column)", "module": "mapper", "function": "_log", "line": 2471, "taskName": null}
{"timestamp": "2025-07-31T13:11:25.762000", "level": "INFO", "logger": "sqlalchemy.orm.mapper.Mapper", "message": "(ComplianceReport|compliance_reports) _configure_property(security_incidents, Column)", "module": "mapper", "function": "_log", "line": 2471, "taskName": null}
{"timestamp": "2025-07-31T13:11:25.762041", "level": "INFO", "logger": "sqlalchemy.orm.mapper.Mapper", "message": "(ComplianceReport|compliance_reports) _configure_property(data_breaches, Column)", "module": "mapper", "function": "_log", "line": 2471, "taskName": null}
{"timestamp": "2025-07-31T13:11:25.762081", "level": "INFO", "logger": "sqlalchemy.orm.mapper.Mapper", "message": "(ComplianceReport|compliance_reports) _configure_property(data_processing_events, Column)", "module": "mapper", "function": "_log", "line": 2471, "taskName": null}
{"timestamp": "2025-07-31T13:11:25.762120", "level": "INFO", "logger": "sqlalchemy.orm.mapper.Mapper", "message": "(ComplianceReport|compliance_reports) _configure_property(data_sharing_events, Column)", "module": "mapper", "function": "_log", "line": 2471, "taskName": null}
{"timestamp": "2025-07-31T13:11:25.762264", "level": "INFO", "logger": "sqlalchemy.orm.mapper.Mapper", "message": "(ComplianceReport|compliance_reports) _configure_property(data_access_events, Column)", "module": "mapper", "function": "_log", "line": 2471, "taskName": null}
{"timestamp": "2025-07-31T13:11:25.762309", "level": "INFO", "logger": "sqlalchemy.orm.mapper.Mapper", "message": "(ComplianceReport|compliance_reports) _configure_property(executive_summary, Column)", "module": "mapper", "function": "_log", "line": 2471, "taskName": null}
{"timestamp": "2025-07-31T13:11:25.762350", "level": "INFO", "logger": "sqlalchemy.orm.mapper.Mapper", "message": "(ComplianceReport|compliance_reports) _configure_property(detailed_findings, Column)", "module": "mapper", "function": "_log", "line": 2471, "taskName": null}
{"timestamp": "2025-07-31T13:11:25.762389", "level": "INFO", "logger": "sqlalchemy.orm.mapper.Mapper", "message": "(ComplianceReport|compliance_reports) _configure_property(recommendations, Column)", "module": "mapper", "function": "_log", "line": 2471, "taskName": null}
{"timestamp": "2025-07-31T13:11:25.762610", "level": "INFO", "logger": "sqlalchemy.orm.mapper.Mapper", "message": "(ComplianceReport|compliance_reports) _configure_property(action_items, Column)", "module": "mapper", "function": "_log", "line": 2471, "taskName": null}
{"timestamp": "2025-07-31T13:11:25.762703", "level": "INFO", "logger": "sqlalchemy.orm.mapper.Mapper", "message": "(ComplianceReport|compliance_reports) _configure_property(gdpr_compliance_score, Column)", "module": "mapper", "function": "_log", "line": 2471, "taskName": null}
{"timestamp": "2025-07-31T13:11:25.762747", "level": "INFO", "logger": "sqlalchemy.orm.mapper.Mapper", "message": "(ComplianceReport|compliance_reports) _configure_property(hipaa_compliance_score, Column)", "module": "mapper", "function": "_log", "line": 2471, "taskName": null}
{"timestamp": "2025-07-31T13:11:25.762800", "level": "INFO", "logger": "sqlalchemy.orm.mapper.Mapper", "message": "(ComplianceReport|compliance_reports) _configure_property(overall_compliance_score, Column)", "module": "mapper", "function": "_log", "line": 2471, "taskName": null}
{"timestamp": "2025-07-31T13:11:25.762839", "level": "INFO", "logger": "sqlalchemy.orm.mapper.Mapper", "message": "(ComplianceReport|compliance_reports) _configure_property(created_at, Column)", "module": "mapper", "function": "_log", "line": 2471, "taskName": null}
{"timestamp": "2025-07-31T13:11:25.762884", "level": "INFO", "logger": "sqlalchemy.orm.mapper.Mapper", "message": "(ComplianceReport|compliance_reports) _configure_property(updated_at, Column)", "module": "mapper", "function": "_log", "line": 2471, "taskName": null}
{"timestamp": "2025-07-31T13:11:25.762924", "level": "INFO", "logger": "sqlalchemy.orm.mapper.Mapper", "message": "(ComplianceReport|compliance_reports) _configure_property(submitted_at, Column)", "module": "mapper", "function": "_log", "line": 2471, "taskName": null}
{"timestamp": "2025-07-31T13:11:25.763059", "level": "INFO", "logger": "sqlalchemy.orm.mapper.Mapper", "message": "(ComplianceReport|compliance_reports) Identified primary key columns: OrderedSet([Column('id', UUID(), table=<compliance_reports>, primary_key=True, nullable=False, default=CallableColumnDefault(<function uuid4 at 0x104c8fb00>))])", "module": "mapper", "function": "_log", "line": 2471, "taskName": null}
{"timestamp": "2025-07-31T13:11:25.763112", "level": "INFO", "logger": "sqlalchemy.orm.mapper.Mapper", "message": "(ComplianceReport|compliance_reports) constructed", "module": "mapper", "function": "_log", "line": 2471, "taskName": null}
{"timestamp": "2025-07-31T13:11:25.848658", "level": "INFO", "logger": "apps.consent_audit.main", "message": "{\"event\": \"All routers included successfully\", \"logger\": \"apps.consent_audit.main\", \"level\": \"info\", \"timestamp\": \"2025-07-31T13:11:25.848513Z\"}", "module": "main", "function": "<module>", "line": 253, "taskName": null}
{"timestamp": "2025-07-31T13:12:50.490710", "level": "INFO", "logger": "root", "message": "Logging configured with level: INFO", "module": "logging", "function": "setup_logging", "line": 237, "taskName": "Task-1"}
{"timestamp": "2025-07-31T13:12:50.684212", "level": "INFO", "logger": "root", "message": "Logging configured with level: INFO", "module": "logging", "function": "setup_logging", "line": 237, "taskName": "Task-1"}
{"timestamp": "2025-07-31T13:12:50.684291", "level": "INFO", "logger": "common.database.connection", "message": "Creating new DatabaseManager instance", "module": "connection", "function": "get_db_manager", "line": 291, "taskName": "Task-1"}
{"timestamp": "2025-07-31T13:12:50.684331", "level": "INFO", "logger": "common.database.connection", "message": "Initializing DatabaseManager", "module": "connection", "function": "__init__", "line": 27, "taskName": "Task-1"}
{"timestamp": "2025-07-31T13:12:50.684367", "level": "INFO", "logger": "common.database.connection", "message": "DatabaseManager settings loaded: postgresql://postgres:your-super-secret-and-long-postgres-password@localhost:5432/health_assistant", "module": "connection", "function": "__init__", "line": 29, "taskName": "Task-1"}
{"timestamp": "2025-07-31T13:12:50.684397", "level": "INFO", "logger": "common.database.connection", "message": "DatabaseManager initialized successfully", "module": "connection", "function": "__init__", "line": 36, "taskName": "Task-1"}
{"timestamp": "2025-07-31T13:12:50.684426", "level": "INFO", "logger": "common.database.connection", "message": "DatabaseManager instance created", "module": "connection", "function": "get_db_manager", "line": 293, "taskName": "Task-1"}
{"timestamp": "2025-07-31T13:12:50.685669", "level": "ERROR", "logger": "main", "message": "{\"event\": \"Failed to include routers: attempted relative import with no known parent package\", \"logger\": \"main\", \"level\": \"error\", \"timestamp\": \"2025-07-31T13:12:50.685602Z\"}", "module": "main", "function": "<module>", "line": 255, "taskName": "Task-1"}
{"timestamp": "2025-07-31T13:12:50.686047", "level": "INFO", "logger": "main", "message": "{\"event\": \"Starting Personal Health Assistant Consent Audit Service...\", \"logger\": \"main\", \"level\": \"info\", \"timestamp\": \"2025-07-31T13:12:50.686001Z\"}", "module": "main", "function": "lifespan", "line": 48, "taskName": "Task-2"}
{"timestamp": "2025-07-31T13:12:50.686098", "level": "WARNING", "logger": "main", "message": "{\"event\": \"Failed to register consent audit models: attempted relative import with no known parent package\", \"logger\": \"main\", \"level\": \"warning\", \"timestamp\": \"2025-07-31T13:12:50.686065Z\"}", "module": "main", "function": "lifespan", "line": 58, "taskName": "Task-2"}
{"timestamp": "2025-07-31T13:12:50.686139", "level": "INFO", "logger": "common.database.connection", "message": "Database health monitoring started", "module": "connection", "function": "start_health_monitoring", "line": 221, "taskName": "Task-2"}
{"timestamp": "2025-07-31T13:12:50.686179", "level": "INFO", "logger": "main", "message": "{\"event\": \"Database health monitoring started\", \"logger\": \"main\", \"level\": \"info\", \"timestamp\": \"2025-07-31T13:12:50.686152Z\"}", "module": "main", "function": "lifespan", "line": 63, "taskName": "Task-2"}
{"timestamp": "2025-07-31T13:12:50.686240", "level": "INFO", "logger": "common.database.connection", "message": "Starting health monitoring loop", "module": "connection", "function": "health_monitor", "line": 211, "taskName": "Task-3"}
{"timestamp": "2025-07-31T13:12:50.686268", "level": "INFO", "logger": "common.database.connection", "message": "Starting database health check", "module": "connection", "function": "health_check", "line": 167, "taskName": "Task-3"}
{"timestamp": "2025-07-31T13:12:50.686294", "level": "INFO", "logger": "common.database.connection", "message": "Attempting to get async session for health check", "module": "connection", "function": "health_check", "line": 169, "taskName": "Task-3"}
{"timestamp": "2025-07-31T13:12:50.686328", "level": "INFO", "logger": "common.database.connection", "message": "Creating async session factory", "module": "connection", "function": "get_async_session_factory", "line": 121, "taskName": "Task-3"}
{"timestamp": "2025-07-31T13:12:50.686356", "level": "INFO", "logger": "common.database.connection", "message": "Getting database URL: postgresql://postgres:your-super-secret-and-long-postgres-password@localhost:5432/health_assistant", "module": "connection", "function": "get_database_url", "line": 41, "taskName": "Task-3"}
{"timestamp": "2025-07-31T13:12:50.686385", "level": "INFO", "logger": "common.database.connection", "message": "Creating async engine with URL: postgresql://postgres:your-super-secret-and-long-postgres-password@localhost:5432/health_assistant", "module": "connection", "function": "create_async_engine", "line": 78, "taskName": "Task-3"}
{"timestamp": "2025-07-31T13:12:50.686474", "level": "INFO", "logger": "common.database.connection", "message": "Converted to async URL: postgresql+asyncpg://postgres:your-super-secret-and-long-postgres-password@localhost:5432/health_assistant", "module": "connection", "function": "create_async_engine", "line": 83, "taskName": "Task-3"}
{"timestamp": "2025-07-31T13:12:50.756803", "level": "INFO", "logger": "common.database.connection", "message": "Async database engine created successfully", "module": "connection", "function": "create_async_engine", "line": 97, "taskName": "Task-3"}
{"timestamp": "2025-07-31T13:12:50.756883", "level": "INFO", "logger": "common.database.connection", "message": "Async session factory created", "module": "connection", "function": "get_async_session_factory", "line": 129, "taskName": "Task-3"}
{"timestamp": "2025-07-31T13:12:50.756964", "level": "INFO", "logger": "common.database.connection", "message": "Executing health check query", "module": "connection", "function": "health_check", "line": 171, "taskName": "Task-3"}
{"timestamp": "2025-07-31T13:12:50.855115", "level": "INFO", "logger": "sqlalchemy.engine.Engine", "message": "select pg_catalog.version()", "module": "base", "function": "_log_info", "line": 190, "taskName": "Task-3"}
{"timestamp": "2025-07-31T13:12:50.855228", "level": "INFO", "logger": "sqlalchemy.engine.Engine", "message": "[raw sql] ()", "module": "base", "function": "_log_info", "line": 190, "taskName": "Task-3"}
{"timestamp": "2025-07-31T13:12:50.857134", "level": "INFO", "logger": "sqlalchemy.engine.Engine", "message": "select current_schema()", "module": "base", "function": "_log_info", "line": 190, "taskName": "Task-3"}
{"timestamp": "2025-07-31T13:12:50.857202", "level": "INFO", "logger": "sqlalchemy.engine.Engine", "message": "[raw sql] ()", "module": "base", "function": "_log_info", "line": 190, "taskName": "Task-3"}
{"timestamp": "2025-07-31T13:12:50.858520", "level": "INFO", "logger": "sqlalchemy.engine.Engine", "message": "show standard_conforming_strings", "module": "base", "function": "_log_info", "line": 190, "taskName": "Task-3"}
{"timestamp": "2025-07-31T13:12:50.858577", "level": "INFO", "logger": "sqlalchemy.engine.Engine", "message": "[raw sql] ()", "module": "base", "function": "_log_info", "line": 190, "taskName": "Task-3"}
{"timestamp": "2025-07-31T13:12:50.859190", "level": "INFO", "logger": "sqlalchemy.engine.Engine", "message": "BEGIN (implicit)", "module": "base", "function": "_log_info", "line": 190, "taskName": "Task-3"}
{"timestamp": "2025-07-31T13:12:50.859498", "level": "INFO", "logger": "sqlalchemy.engine.Engine", "message": "SELECT 1 as health_check", "module": "base", "function": "_log_info", "line": 190, "taskName": "Task-3"}
{"timestamp": "2025-07-31T13:12:50.859546", "level": "INFO", "logger": "sqlalchemy.engine.Engine", "message": "[generated in 0.00008s] ()", "module": "base", "function": "_log_info", "line": 190, "taskName": "Task-3"}
{"timestamp": "2025-07-31T13:12:50.860055", "level": "INFO", "logger": "common.database.connection", "message": "Database health check passed", "module": "connection", "function": "health_check", "line": 177, "taskName": "Task-3"}
{"timestamp": "2025-07-31T13:12:50.860148", "level": "INFO", "logger": "sqlalchemy.engine.Engine", "message": "COMMIT", "module": "base", "function": "_log_info", "line": 190, "taskName": "Task-3"}
{"timestamp": "2025-07-31T13:13:02.876518", "level": "ERROR", "logger": "main", "message": "{\"event\": \"Database health check failed: 'DatabaseManager' object has no attribute 'check_health'\", \"logger\": \"main\", \"level\": \"error\", \"timestamp\": \"2025-07-31T13:13:02.876340Z\"}", "module": "main", "function": "health_check", "line": 150, "taskName": "Task-7"}
{"timestamp": "2025-07-31T13:13:16.079414", "level": "ERROR", "logger": "main", "message": "{\"event\": \"Database readiness check failed: 'DatabaseManager' object has no attribute 'check_health'\", \"logger\": \"main\", \"level\": \"error\", \"timestamp\": \"2025-07-31T13:13:16.078905Z\"}", "module": "main", "function": "readiness_check", "line": 185, "taskName": "Task-9"}
{"timestamp": "2025-07-31T13:13:16.079989", "level": "ERROR", "logger": "main", "message": "{\"event\": \"HTTP Exception: 503 - Service not ready\", \"logger\": \"main\", \"level\": \"error\", \"timestamp\": \"2025-07-31T13:13:16.079874Z\"}", "module": "main", "function": "http_exception_handler", "line": 113, "taskName": "Task-9"}
{"timestamp": "2025-07-31T13:13:20.861524", "level": "INFO", "logger": "common.database.connection", "message": "Starting database health check", "module": "connection", "function": "health_check", "line": 167, "taskName": "Task-3"}
{"timestamp": "2025-07-31T13:13:20.861682", "level": "INFO", "logger": "common.database.connection", "message": "Attempting to get async session for health check", "module": "connection", "function": "health_check", "line": 169, "taskName": "Task-3"}
{"timestamp": "2025-07-31T13:13:20.862950", "level": "INFO", "logger": "common.database.connection", "message": "Executing health check query", "module": "connection", "function": "health_check", "line": 171, "taskName": "Task-3"}
{"timestamp": "2025-07-31T13:13:20.870550", "level": "INFO", "logger": "sqlalchemy.engine.Engine", "message": "BEGIN (implicit)", "module": "base", "function": "_log_info", "line": 190, "taskName": "Task-3"}
{"timestamp": "2025-07-31T13:13:20.874152", "level": "INFO", "logger": "sqlalchemy.engine.Engine", "message": "SELECT 1 as health_check", "module": "base", "function": "_log_info", "line": 190, "taskName": "Task-3"}
{"timestamp": "2025-07-31T13:13:20.874825", "level": "INFO", "logger": "sqlalchemy.engine.Engine", "message": "[cached since 30.01s ago] ()", "module": "base", "function": "_log_info", "line": 190, "taskName": "Task-3"}
{"timestamp": "2025-07-31T13:13:20.879609", "level": "INFO", "logger": "common.database.connection", "message": "Database health check passed", "module": "connection", "function": "health_check", "line": 177, "taskName": "Task-3"}
{"timestamp": "2025-07-31T13:13:20.880609", "level": "INFO", "logger": "sqlalchemy.engine.Engine", "message": "COMMIT", "module": "base", "function": "_log_info", "line": 190, "taskName": "Task-3"}
{"timestamp": "2025-07-31T13:13:30.623602", "level": "INFO", "logger": "main", "message": "{\"event\": \"Shutting down Personal Health Assistant Consent Audit Service...\", \"logger\": \"main\", \"level\": \"info\", \"timestamp\": \"2025-07-31T13:13:30.623423Z\"}", "module": "main", "function": "lifespan", "line": 71, "taskName": "Task-2"}
{"timestamp": "2025-07-31T13:13:30.623943", "level": "INFO", "logger": "common.database.connection", "message": "Stopping health monitoring", "module": "connection", "function": "stop_health_monitoring", "line": 226, "taskName": "Task-2"}
{"timestamp": "2025-07-31T13:13:30.624120", "level": "INFO", "logger": "common.database.connection", "message": "Database health monitoring stopped", "module": "connection", "function": "stop_health_monitoring", "line": 233, "taskName": "Task-2"}
{"timestamp": "2025-07-31T13:13:30.624192", "level": "INFO", "logger": "common.database.connection", "message": "Closing database connections", "module": "connection", "function": "close", "line": 263, "taskName": "Task-2"}
{"timestamp": "2025-07-31T13:13:30.624234", "level": "INFO", "logger": "common.database.connection", "message": "Closing async engine", "module": "connection", "function": "close", "line": 270, "taskName": "Task-2"}
{"timestamp": "2025-07-31T13:13:30.627767", "level": "INFO", "logger": "sqlalchemy.pool.impl.AsyncAdaptedQueuePool", "message": "Pool disposed. Pool size: 10  Connections in pool: 0 Current Overflow: -10 Current Checked out connections: 0", "module": "impl", "function": "dispose", "line": 230, "taskName": "Task-2"}
{"timestamp": "2025-07-31T13:13:30.627959", "level": "INFO", "logger": "sqlalchemy.pool.impl.AsyncAdaptedQueuePool", "message": "Pool recreating", "module": "impl", "function": "recreate", "line": 205, "taskName": "Task-2"}
{"timestamp": "2025-07-31T13:13:30.628397", "level": "INFO", "logger": "common.database.connection", "message": "All database connections closed", "module": "connection", "function": "close", "line": 280, "taskName": "Task-2"}
{"timestamp": "2025-07-31T13:13:30.628476", "level": "INFO", "logger": "main", "message": "{\"event\": \"Database connections closed\", \"logger\": \"main\", \"level\": \"info\", \"timestamp\": \"2025-07-31T13:13:30.628430Z\"}", "module": "main", "function": "lifespan", "line": 77, "taskName": "Task-2"}
