{"timestamp": "2025-06-29T18:12:58.298676", "level": "INFO", "logger": "root", "message": "Logging configured with level: INFO", "module": "logging", "function": "setup_logging", "line": 237, "taskName": null}
{"timestamp": "2025-06-29T18:12:58.316046", "level": "INFO", "logger": "common.utils.resilience", "message": "{\"event\": \"Redis client initialized for circuit breaker: circuit_breaker\", \"logger\": \"common.utils.resilience\", \"level\": \"info\", \"timestamp\": \"2025-06-29T18:12:58.315929Z\"}", "module": "resilience", "function": "_init_redis", "line": 55, "taskName": null}
{"timestamp": "2025-06-29T18:12:58.316377", "level": "INFO", "logger": "common.middleware.auth", "message": "{\"event\": \"Redis client initialized for auth middleware\", \"logger\": \"common.middleware.auth\", \"level\": \"info\", \"timestamp\": \"2025-06-29T18:12:58.316279Z\"}", "module": "auth", "function": "_init_redis", "line": 102, "taskName": null}
{"timestamp": "2025-06-29T18:12:59.532109", "level": "INFO", "logger": "sqlalchemy.orm.mapper.Mapper", "message": "(User|users) _configure_property(profile, _RelationshipDeclared)", "module": "mapper", "function": "_log", "line": 2471, "taskName": null}
{"timestamp": "2025-06-29T18:12:59.532185", "level": "INFO", "logger": "sqlalchemy.orm.mapper.Mapper", "message": "(User|users) _configure_property(preferences, _RelationshipDeclared)", "module": "mapper", "function": "_log", "line": 2471, "taskName": null}
{"timestamp": "2025-06-29T18:12:59.532235", "level": "INFO", "logger": "sqlalchemy.orm.mapper.Mapper", "message": "(User|users) _configure_property(privacy_settings, _RelationshipDeclared)", "module": "mapper", "function": "_log", "line": 2471, "taskName": null}
{"timestamp": "2025-06-29T18:12:59.532276", "level": "INFO", "logger": "sqlalchemy.orm.mapper.Mapper", "message": "(User|users) _configure_property(health_attributes, _RelationshipDeclared)", "module": "mapper", "function": "_log", "line": 2471, "taskName": null}
{"timestamp": "2025-06-29T18:12:59.532326", "level": "INFO", "logger": "sqlalchemy.orm.mapper.Mapper", "message": "(User|users) _configure_property(id, Column)", "module": "mapper", "function": "_log", "line": 2471, "taskName": null}
{"timestamp": "2025-06-29T18:12:59.532533", "level": "INFO", "logger": "sqlalchemy.orm.mapper.Mapper", "message": "(User|users) _configure_property(email, Column)", "module": "mapper", "function": "_log", "line": 2471, "taskName": null}
{"timestamp": "2025-06-29T18:12:59.532593", "level": "INFO", "logger": "sqlalchemy.orm.mapper.Mapper", "message": "(User|users) _configure_property(first_name, Column)", "module": "mapper", "function": "_log", "line": 2471, "taskName": null}
{"timestamp": "2025-06-29T18:12:59.532641", "level": "INFO", "logger": "sqlalchemy.orm.mapper.Mapper", "message": "(User|users) _configure_property(last_name, Column)", "module": "mapper", "function": "_log", "line": 2471, "taskName": null}
{"timestamp": "2025-06-29T18:12:59.532685", "level": "INFO", "logger": "sqlalchemy.orm.mapper.Mapper", "message": "(User|users) _configure_property(user_type, Column)", "module": "mapper", "function": "_log", "line": 2471, "taskName": null}
{"timestamp": "2025-06-29T18:12:59.532729", "level": "INFO", "logger": "sqlalchemy.orm.mapper.Mapper", "message": "(User|users) _configure_property(status, Column)", "module": "mapper", "function": "_log", "line": 2471, "taskName": null}
{"timestamp": "2025-06-29T18:12:59.532773", "level": "INFO", "logger": "sqlalchemy.orm.mapper.Mapper", "message": "(User|users) _configure_property(created_at, Column)", "module": "mapper", "function": "_log", "line": 2471, "taskName": null}
{"timestamp": "2025-06-29T18:12:59.532816", "level": "INFO", "logger": "sqlalchemy.orm.mapper.Mapper", "message": "(User|users) _configure_property(updated_at, Column)", "module": "mapper", "function": "_log", "line": 2471, "taskName": null}
{"timestamp": "2025-06-29T18:12:59.533391", "level": "INFO", "logger": "sqlalchemy.orm.mapper.Mapper", "message": "(User|users) Identified primary key columns: OrderedSet([Column('id', UUID(), table=<users>, primary_key=True, nullable=False, default=CallableColumnDefault(<function uuid4 at 0x112ced800>))])", "module": "mapper", "function": "_log", "line": 2471, "taskName": null}
{"timestamp": "2025-06-29T18:12:59.533492", "level": "INFO", "logger": "sqlalchemy.orm.mapper.Mapper", "message": "(User|users) constructed", "module": "mapper", "function": "_log", "line": 2471, "taskName": null}
{"timestamp": "2025-06-29T18:12:59.545280", "level": "INFO", "logger": "sqlalchemy.orm.mapper.Mapper", "message": "(Profile|user_profiles) _configure_property(user, _RelationshipDeclared)", "module": "mapper", "function": "_log", "line": 2471, "taskName": null}
{"timestamp": "2025-06-29T18:12:59.545339", "level": "INFO", "logger": "sqlalchemy.orm.mapper.Mapper", "message": "(Profile|user_profiles) _configure_property(preferences, _RelationshipDeclared)", "module": "mapper", "function": "_log", "line": 2471, "taskName": null}
{"timestamp": "2025-06-29T18:12:59.545380", "level": "INFO", "logger": "sqlalchemy.orm.mapper.Mapper", "message": "(Profile|user_profiles) _configure_property(privacy_settings, _RelationshipDeclared)", "module": "mapper", "function": "_log", "line": 2471, "taskName": null}
{"timestamp": "2025-06-29T18:12:59.545416", "level": "INFO", "logger": "sqlalchemy.orm.mapper.Mapper", "message": "(Profile|user_profiles) _configure_property(health_attributes, _RelationshipDeclared)", "module": "mapper", "function": "_log", "line": 2471, "taskName": null}
{"timestamp": "2025-06-29T18:12:59.545459", "level": "INFO", "logger": "sqlalchemy.orm.mapper.Mapper", "message": "(Profile|user_profiles) _configure_property(id, Column)", "module": "mapper", "function": "_log", "line": 2471, "taskName": null}
{"timestamp": "2025-06-29T18:12:59.545519", "level": "INFO", "logger": "sqlalchemy.orm.mapper.Mapper", "message": "(Profile|user_profiles) _configure_property(user_id, Column)", "module": "mapper", "function": "_log", "line": 2471, "taskName": null}
{"timestamp": "2025-06-29T18:12:59.545565", "level": "INFO", "logger": "sqlalchemy.orm.mapper.Mapper", "message": "(Profile|user_profiles) _configure_property(first_name, Column)", "module": "mapper", "function": "_log", "line": 2471, "taskName": null}
{"timestamp": "2025-06-29T18:12:59.545609", "level": "INFO", "logger": "sqlalchemy.orm.mapper.Mapper", "message": "(Profile|user_profiles) _configure_property(last_name, Column)", "module": "mapper", "function": "_log", "line": 2471, "taskName": null}
{"timestamp": "2025-06-29T18:12:59.545651", "level": "INFO", "logger": "sqlalchemy.orm.mapper.Mapper", "message": "(Profile|user_profiles) _configure_property(middle_name, Column)", "module": "mapper", "function": "_log", "line": 2471, "taskName": null}
{"timestamp": "2025-06-29T18:12:59.545692", "level": "INFO", "logger": "sqlalchemy.orm.mapper.Mapper", "message": "(Profile|user_profiles) _configure_property(preferred_name, Column)", "module": "mapper", "function": "_log", "line": 2471, "taskName": null}
{"timestamp": "2025-06-29T18:12:59.545732", "level": "INFO", "logger": "sqlalchemy.orm.mapper.Mapper", "message": "(Profile|user_profiles) _configure_property(date_of_birth, Column)", "module": "mapper", "function": "_log", "line": 2471, "taskName": null}
{"timestamp": "2025-06-29T18:12:59.545772", "level": "INFO", "logger": "sqlalchemy.orm.mapper.Mapper", "message": "(Profile|user_profiles) _configure_property(gender, Column)", "module": "mapper", "function": "_log", "line": 2471, "taskName": null}
{"timestamp": "2025-06-29T18:12:59.545814", "level": "INFO", "logger": "sqlalchemy.orm.mapper.Mapper", "message": "(Profile|user_profiles) _configure_property(marital_status, Column)", "module": "mapper", "function": "_log", "line": 2471, "taskName": null}
{"timestamp": "2025-06-29T18:12:59.545856", "level": "INFO", "logger": "sqlalchemy.orm.mapper.Mapper", "message": "(Profile|user_profiles) _configure_property(email, Column)", "module": "mapper", "function": "_log", "line": 2471, "taskName": null}
{"timestamp": "2025-06-29T18:12:59.545896", "level": "INFO", "logger": "sqlalchemy.orm.mapper.Mapper", "message": "(Profile|user_profiles) _configure_property(phone_number, Column)", "module": "mapper", "function": "_log", "line": 2471, "taskName": null}
{"timestamp": "2025-06-29T18:12:59.545943", "level": "INFO", "logger": "sqlalchemy.orm.mapper.Mapper", "message": "(Profile|user_profiles) _configure_property(emergency_contact_name, Column)", "module": "mapper", "function": "_log", "line": 2471, "taskName": null}
{"timestamp": "2025-06-29T18:12:59.545984", "level": "INFO", "logger": "sqlalchemy.orm.mapper.Mapper", "message": "(Profile|user_profiles) _configure_property(emergency_contact_phone, Column)", "module": "mapper", "function": "_log", "line": 2471, "taskName": null}
{"timestamp": "2025-06-29T18:12:59.546023", "level": "INFO", "logger": "sqlalchemy.orm.mapper.Mapper", "message": "(Profile|user_profiles) _configure_property(emergency_contact_relationship, Column)", "module": "mapper", "function": "_log", "line": 2471, "taskName": null}
{"timestamp": "2025-06-29T18:12:59.546062", "level": "INFO", "logger": "sqlalchemy.orm.mapper.Mapper", "message": "(Profile|user_profiles) _configure_property(address_line_1, Column)", "module": "mapper", "function": "_log", "line": 2471, "taskName": null}
{"timestamp": "2025-06-29T18:12:59.546101", "level": "INFO", "logger": "sqlalchemy.orm.mapper.Mapper", "message": "(Profile|user_profiles) _configure_property(address_line_2, Column)", "module": "mapper", "function": "_log", "line": 2471, "taskName": null}
{"timestamp": "2025-06-29T18:12:59.546139", "level": "INFO", "logger": "sqlalchemy.orm.mapper.Mapper", "message": "(Profile|user_profiles) _configure_property(city, Column)", "module": "mapper", "function": "_log", "line": 2471, "taskName": null}
{"timestamp": "2025-06-29T18:12:59.546177", "level": "INFO", "logger": "sqlalchemy.orm.mapper.Mapper", "message": "(Profile|user_profiles) _configure_property(state, Column)", "module": "mapper", "function": "_log", "line": 2471, "taskName": null}
{"timestamp": "2025-06-29T18:12:59.546218", "level": "INFO", "logger": "sqlalchemy.orm.mapper.Mapper", "message": "(Profile|user_profiles) _configure_property(postal_code, Column)", "module": "mapper", "function": "_log", "line": 2471, "taskName": null}
{"timestamp": "2025-06-29T18:12:59.546260", "level": "INFO", "logger": "sqlalchemy.orm.mapper.Mapper", "message": "(Profile|user_profiles) _configure_property(country, Column)", "module": "mapper", "function": "_log", "line": 2471, "taskName": null}
{"timestamp": "2025-06-29T18:12:59.546298", "level": "INFO", "logger": "sqlalchemy.orm.mapper.Mapper", "message": "(Profile|user_profiles) _configure_property(blood_type, Column)", "module": "mapper", "function": "_log", "line": 2471, "taskName": null}
{"timestamp": "2025-06-29T18:12:59.546337", "level": "INFO", "logger": "sqlalchemy.orm.mapper.Mapper", "message": "(Profile|user_profiles) _configure_property(height_cm, Column)", "module": "mapper", "function": "_log", "line": 2471, "taskName": null}
{"timestamp": "2025-06-29T18:12:59.546375", "level": "INFO", "logger": "sqlalchemy.orm.mapper.Mapper", "message": "(Profile|user_profiles) _configure_property(weight_kg, Column)", "module": "mapper", "function": "_log", "line": 2471, "taskName": null}
{"timestamp": "2025-06-29T18:12:59.546417", "level": "INFO", "logger": "sqlalchemy.orm.mapper.Mapper", "message": "(Profile|user_profiles) _configure_property(activity_level, Column)", "module": "mapper", "function": "_log", "line": 2471, "taskName": null}
{"timestamp": "2025-06-29T18:12:59.546466", "level": "INFO", "logger": "sqlalchemy.orm.mapper.Mapper", "message": "(Profile|user_profiles) _configure_property(allergies, Column)", "module": "mapper", "function": "_log", "line": 2471, "taskName": null}
{"timestamp": "2025-06-29T18:12:59.546658", "level": "INFO", "logger": "sqlalchemy.orm.mapper.Mapper", "message": "(Profile|user_profiles) _configure_property(medications, Column)", "module": "mapper", "function": "_log", "line": 2471, "taskName": null}
{"timestamp": "2025-06-29T18:12:59.546726", "level": "INFO", "logger": "sqlalchemy.orm.mapper.Mapper", "message": "(Profile|user_profiles) _configure_property(medical_conditions, Column)", "module": "mapper", "function": "_log", "line": 2471, "taskName": null}
{"timestamp": "2025-06-29T18:12:59.546790", "level": "INFO", "logger": "sqlalchemy.orm.mapper.Mapper", "message": "(Profile|user_profiles) _configure_property(family_history, Column)", "module": "mapper", "function": "_log", "line": 2471, "taskName": null}
{"timestamp": "2025-06-29T18:12:59.546838", "level": "INFO", "logger": "sqlalchemy.orm.mapper.Mapper", "message": "(Profile|user_profiles) _configure_property(occupation, Column)", "module": "mapper", "function": "_log", "line": 2471, "taskName": null}
{"timestamp": "2025-06-29T18:12:59.546887", "level": "INFO", "logger": "sqlalchemy.orm.mapper.Mapper", "message": "(Profile|user_profiles) _configure_property(employer, Column)", "module": "mapper", "function": "_log", "line": 2471, "taskName": null}
{"timestamp": "2025-06-29T18:12:59.546932", "level": "INFO", "logger": "sqlalchemy.orm.mapper.Mapper", "message": "(Profile|user_profiles) _configure_property(education_level, Column)", "module": "mapper", "function": "_log", "line": 2471, "taskName": null}
{"timestamp": "2025-06-29T18:12:59.546976", "level": "INFO", "logger": "sqlalchemy.orm.mapper.Mapper", "message": "(Profile|user_profiles) _configure_property(insurance_provider, Column)", "module": "mapper", "function": "_log", "line": 2471, "taskName": null}
{"timestamp": "2025-06-29T18:12:59.547023", "level": "INFO", "logger": "sqlalchemy.orm.mapper.Mapper", "message": "(Profile|user_profiles) _configure_property(insurance_policy_number, Column)", "module": "mapper", "function": "_log", "line": 2471, "taskName": null}
{"timestamp": "2025-06-29T18:12:59.547065", "level": "INFO", "logger": "sqlalchemy.orm.mapper.Mapper", "message": "(Profile|user_profiles) _configure_property(is_complete, Column)", "module": "mapper", "function": "_log", "line": 2471, "taskName": null}
{"timestamp": "2025-06-29T18:12:59.547108", "level": "INFO", "logger": "sqlalchemy.orm.mapper.Mapper", "message": "(Profile|user_profiles) _configure_property(completion_percentage, Column)", "module": "mapper", "function": "_log", "line": 2471, "taskName": null}
{"timestamp": "2025-06-29T18:12:59.547152", "level": "INFO", "logger": "sqlalchemy.orm.mapper.Mapper", "message": "(Profile|user_profiles) _configure_property(last_updated, Column)", "module": "mapper", "function": "_log", "line": 2471, "taskName": null}
{"timestamp": "2025-06-29T18:12:59.547194", "level": "INFO", "logger": "sqlalchemy.orm.mapper.Mapper", "message": "(Profile|user_profiles) _configure_property(created_at, Column)", "module": "mapper", "function": "_log", "line": 2471, "taskName": null}
{"timestamp": "2025-06-29T18:12:59.547337", "level": "INFO", "logger": "sqlalchemy.orm.mapper.Mapper", "message": "(Profile|user_profiles) Identified primary key columns: OrderedSet([Column('id', Integer(), table=<user_profiles>, primary_key=True, nullable=False)])", "module": "mapper", "function": "_log", "line": 2471, "taskName": null}
{"timestamp": "2025-06-29T18:12:59.547393", "level": "INFO", "logger": "sqlalchemy.orm.mapper.Mapper", "message": "(Profile|user_profiles) constructed", "module": "mapper", "function": "_log", "line": 2471, "taskName": null}
{"timestamp": "2025-06-29T18:12:59.569364", "level": "INFO", "logger": "sqlalchemy.orm.mapper.Mapper", "message": "(Preferences|user_preferences) _configure_property(user, _RelationshipDeclared)", "module": "mapper", "function": "_log", "line": 2471, "taskName": null}
{"timestamp": "2025-06-29T18:12:59.569428", "level": "INFO", "logger": "sqlalchemy.orm.mapper.Mapper", "message": "(Preferences|user_preferences) _configure_property(profile, _RelationshipDeclared)", "module": "mapper", "function": "_log", "line": 2471, "taskName": null}
{"timestamp": "2025-06-29T18:12:59.569478", "level": "INFO", "logger": "sqlalchemy.orm.mapper.Mapper", "message": "(Preferences|user_preferences) _configure_property(id, Column)", "module": "mapper", "function": "_log", "line": 2471, "taskName": null}
{"timestamp": "2025-06-29T18:12:59.569551", "level": "INFO", "logger": "sqlalchemy.orm.mapper.Mapper", "message": "(Preferences|user_preferences) _configure_property(user_id, Column)", "module": "mapper", "function": "_log", "line": 2471, "taskName": null}
{"timestamp": "2025-06-29T18:12:59.569600", "level": "INFO", "logger": "sqlalchemy.orm.mapper.Mapper", "message": "(Preferences|user_preferences) _configure_property(profile_id, Column)", "module": "mapper", "function": "_log", "line": 2471, "taskName": null}
{"timestamp": "2025-06-29T18:12:59.569644", "level": "INFO", "logger": "sqlalchemy.orm.mapper.Mapper", "message": "(Preferences|user_preferences) _configure_property(email_notifications, Column)", "module": "mapper", "function": "_log", "line": 2471, "taskName": null}
{"timestamp": "2025-06-29T18:12:59.569690", "level": "INFO", "logger": "sqlalchemy.orm.mapper.Mapper", "message": "(Preferences|user_preferences) _configure_property(sms_notifications, Column)", "module": "mapper", "function": "_log", "line": 2471, "taskName": null}
{"timestamp": "2025-06-29T18:12:59.569734", "level": "INFO", "logger": "sqlalchemy.orm.mapper.Mapper", "message": "(Preferences|user_preferences) _configure_property(push_notifications, Column)", "module": "mapper", "function": "_log", "line": 2471, "taskName": null}
{"timestamp": "2025-06-29T18:12:59.569775", "level": "INFO", "logger": "sqlalchemy.orm.mapper.Mapper", "message": "(Preferences|user_preferences) _configure_property(in_app_notifications, Column)", "module": "mapper", "function": "_log", "line": 2471, "taskName": null}
{"timestamp": "2025-06-29T18:12:59.569815", "level": "INFO", "logger": "sqlalchemy.orm.mapper.Mapper", "message": "(Preferences|user_preferences) _configure_property(health_alerts, Column)", "module": "mapper", "function": "_log", "line": 2471, "taskName": null}
{"timestamp": "2025-06-29T18:12:59.569855", "level": "INFO", "logger": "sqlalchemy.orm.mapper.Mapper", "message": "(Preferences|user_preferences) _configure_property(medication_reminders, Column)", "module": "mapper", "function": "_log", "line": 2471, "taskName": null}
{"timestamp": "2025-06-29T18:12:59.569896", "level": "INFO", "logger": "sqlalchemy.orm.mapper.Mapper", "message": "(Preferences|user_preferences) _configure_property(appointment_reminders, Column)", "module": "mapper", "function": "_log", "line": 2471, "taskName": null}
{"timestamp": "2025-06-29T18:12:59.569934", "level": "INFO", "logger": "sqlalchemy.orm.mapper.Mapper", "message": "(Preferences|user_preferences) _configure_property(lab_result_notifications, Column)", "module": "mapper", "function": "_log", "line": 2471, "taskName": null}
{"timestamp": "2025-06-29T18:12:59.569974", "level": "INFO", "logger": "sqlalchemy.orm.mapper.Mapper", "message": "(Preferences|user_preferences) _configure_property(wellness_tips, Column)", "module": "mapper", "function": "_log", "line": 2471, "taskName": null}
{"timestamp": "2025-06-29T18:12:59.570014", "level": "INFO", "logger": "sqlalchemy.orm.mapper.Mapper", "message": "(Preferences|user_preferences) _configure_property(research_updates, Column)", "module": "mapper", "function": "_log", "line": 2471, "taskName": null}
{"timestamp": "2025-06-29T18:12:59.570053", "level": "INFO", "logger": "sqlalchemy.orm.mapper.Mapper", "message": "(Preferences|user_preferences) _configure_property(marketing_emails, Column)", "module": "mapper", "function": "_log", "line": 2471, "taskName": null}
{"timestamp": "2025-06-29T18:12:59.570090", "level": "INFO", "logger": "sqlalchemy.orm.mapper.Mapper", "message": "(Preferences|user_preferences) _configure_property(health_alert_frequency, Column)", "module": "mapper", "function": "_log", "line": 2471, "taskName": null}
{"timestamp": "2025-06-29T18:12:59.570130", "level": "INFO", "logger": "sqlalchemy.orm.mapper.Mapper", "message": "(Preferences|user_preferences) _configure_property(medication_reminder_frequency, Column)", "module": "mapper", "function": "_log", "line": 2471, "taskName": null}
{"timestamp": "2025-06-29T18:12:59.570174", "level": "INFO", "logger": "sqlalchemy.orm.mapper.Mapper", "message": "(Preferences|user_preferences) _configure_property(appointment_reminder_frequency, Column)", "module": "mapper", "function": "_log", "line": 2471, "taskName": null}
{"timestamp": "2025-06-29T18:12:59.570230", "level": "INFO", "logger": "sqlalchemy.orm.mapper.Mapper", "message": "(Preferences|user_preferences) _configure_property(lab_result_frequency, Column)", "module": "mapper", "function": "_log", "line": 2471, "taskName": null}
{"timestamp": "2025-06-29T18:12:59.570273", "level": "INFO", "logger": "sqlalchemy.orm.mapper.Mapper", "message": "(Preferences|user_preferences) _configure_property(wellness_tip_frequency, Column)", "module": "mapper", "function": "_log", "line": 2471, "taskName": null}
{"timestamp": "2025-06-29T18:12:59.570315", "level": "INFO", "logger": "sqlalchemy.orm.mapper.Mapper", "message": "(Preferences|user_preferences) _configure_property(research_update_frequency, Column)", "module": "mapper", "function": "_log", "line": 2471, "taskName": null}
{"timestamp": "2025-06-29T18:12:59.570356", "level": "INFO", "logger": "sqlalchemy.orm.mapper.Mapper", "message": "(Preferences|user_preferences) _configure_property(theme, Column)", "module": "mapper", "function": "_log", "line": 2471, "taskName": null}
{"timestamp": "2025-06-29T18:12:59.570397", "level": "INFO", "logger": "sqlalchemy.orm.mapper.Mapper", "message": "(Preferences|user_preferences) _configure_property(language, Column)", "module": "mapper", "function": "_log", "line": 2471, "taskName": null}
{"timestamp": "2025-06-29T18:12:59.570437", "level": "INFO", "logger": "sqlalchemy.orm.mapper.Mapper", "message": "(Preferences|user_preferences) _configure_property(units, Column)", "module": "mapper", "function": "_log", "line": 2471, "taskName": null}
{"timestamp": "2025-06-29T18:12:59.570475", "level": "INFO", "logger": "sqlalchemy.orm.mapper.Mapper", "message": "(Preferences|user_preferences) _configure_property(timezone, Column)", "module": "mapper", "function": "_log", "line": 2471, "taskName": null}
{"timestamp": "2025-06-29T18:12:59.570559", "level": "INFO", "logger": "sqlalchemy.orm.mapper.Mapper", "message": "(Preferences|user_preferences) _configure_property(date_format, Column)", "module": "mapper", "function": "_log", "line": 2471, "taskName": null}
{"timestamp": "2025-06-29T18:12:59.570679", "level": "INFO", "logger": "sqlalchemy.orm.mapper.Mapper", "message": "(Preferences|user_preferences) _configure_property(time_format, Column)", "module": "mapper", "function": "_log", "line": 2471, "taskName": null}
{"timestamp": "2025-06-29T18:12:59.570737", "level": "INFO", "logger": "sqlalchemy.orm.mapper.Mapper", "message": "(Preferences|user_preferences) _configure_property(share_data_with_providers, Column)", "module": "mapper", "function": "_log", "line": 2471, "taskName": null}
{"timestamp": "2025-06-29T18:12:59.570788", "level": "INFO", "logger": "sqlalchemy.orm.mapper.Mapper", "message": "(Preferences|user_preferences) _configure_property(share_data_for_research, Column)", "module": "mapper", "function": "_log", "line": 2471, "taskName": null}
{"timestamp": "2025-06-29T18:12:59.570837", "level": "INFO", "logger": "sqlalchemy.orm.mapper.Mapper", "message": "(Preferences|user_preferences) _configure_property(share_anonymous_data, Column)", "module": "mapper", "function": "_log", "line": 2471, "taskName": null}
{"timestamp": "2025-06-29T18:12:59.570879", "level": "INFO", "logger": "sqlalchemy.orm.mapper.Mapper", "message": "(Preferences|user_preferences) _configure_property(allow_location_tracking, Column)", "module": "mapper", "function": "_log", "line": 2471, "taskName": null}
{"timestamp": "2025-06-29T18:12:59.570924", "level": "INFO", "logger": "sqlalchemy.orm.mapper.Mapper", "message": "(Preferences|user_preferences) _configure_property(allow_analytics_tracking, Column)", "module": "mapper", "function": "_log", "line": 2471, "taskName": null}
{"timestamp": "2025-06-29T18:12:59.570975", "level": "INFO", "logger": "sqlalchemy.orm.mapper.Mapper", "message": "(Preferences|user_preferences) _configure_property(auto_track_activity, Column)", "module": "mapper", "function": "_log", "line": 2471, "taskName": null}
{"timestamp": "2025-06-29T18:12:59.571030", "level": "INFO", "logger": "sqlalchemy.orm.mapper.Mapper", "message": "(Preferences|user_preferences) _configure_property(auto_track_sleep, Column)", "module": "mapper", "function": "_log", "line": 2471, "taskName": null}
{"timestamp": "2025-06-29T18:12:59.571075", "level": "INFO", "logger": "sqlalchemy.orm.mapper.Mapper", "message": "(Preferences|user_preferences) _configure_property(auto_track_heart_rate, Column)", "module": "mapper", "function": "_log", "line": 2471, "taskName": null}
{"timestamp": "2025-06-29T18:12:59.571120", "level": "INFO", "logger": "sqlalchemy.orm.mapper.Mapper", "message": "(Preferences|user_preferences) _configure_property(auto_track_steps, Column)", "module": "mapper", "function": "_log", "line": 2471, "taskName": null}
{"timestamp": "2025-06-29T18:12:59.571163", "level": "INFO", "logger": "sqlalchemy.orm.mapper.Mapper", "message": "(Preferences|user_preferences) _configure_property(auto_track_weight, Column)", "module": "mapper", "function": "_log", "line": 2471, "taskName": null}
{"timestamp": "2025-06-29T18:12:59.571212", "level": "INFO", "logger": "sqlalchemy.orm.mapper.Mapper", "message": "(Preferences|user_preferences) _configure_property(auto_track_blood_pressure, Column)", "module": "mapper", "function": "_log", "line": 2471, "taskName": null}
{"timestamp": "2025-06-29T18:12:59.571257", "level": "INFO", "logger": "sqlalchemy.orm.mapper.Mapper", "message": "(Preferences|user_preferences) _configure_property(auto_track_blood_glucose, Column)", "module": "mapper", "function": "_log", "line": 2471, "taskName": null}
{"timestamp": "2025-06-29T18:12:59.571300", "level": "INFO", "logger": "sqlalchemy.orm.mapper.Mapper", "message": "(Preferences|user_preferences) _configure_property(custom_preferences, Column)", "module": "mapper", "function": "_log", "line": 2471, "taskName": null}
{"timestamp": "2025-06-29T18:12:59.571342", "level": "INFO", "logger": "sqlalchemy.orm.mapper.Mapper", "message": "(Preferences|user_preferences) _configure_property(last_updated, Column)", "module": "mapper", "function": "_log", "line": 2471, "taskName": null}
{"timestamp": "2025-06-29T18:12:59.571380", "level": "INFO", "logger": "sqlalchemy.orm.mapper.Mapper", "message": "(Preferences|user_preferences) _configure_property(created_at, Column)", "module": "mapper", "function": "_log", "line": 2471, "taskName": null}
{"timestamp": "2025-06-29T18:12:59.571514", "level": "INFO", "logger": "sqlalchemy.orm.mapper.Mapper", "message": "(Preferences|user_preferences) Identified primary key columns: OrderedSet([Column('id', Integer(), table=<user_preferences>, primary_key=True, nullable=False)])", "module": "mapper", "function": "_log", "line": 2471, "taskName": null}
{"timestamp": "2025-06-29T18:12:59.571567", "level": "INFO", "logger": "sqlalchemy.orm.mapper.Mapper", "message": "(Preferences|user_preferences) constructed", "module": "mapper", "function": "_log", "line": 2471, "taskName": null}
{"timestamp": "2025-06-29T18:12:59.584465", "level": "INFO", "logger": "sqlalchemy.orm.mapper.Mapper", "message": "(HealthAttributes|health_attributes) _configure_property(user, _RelationshipDeclared)", "module": "mapper", "function": "_log", "line": 2471, "taskName": null}
{"timestamp": "2025-06-29T18:12:59.584529", "level": "INFO", "logger": "sqlalchemy.orm.mapper.Mapper", "message": "(HealthAttributes|health_attributes) _configure_property(profile, _RelationshipDeclared)", "module": "mapper", "function": "_log", "line": 2471, "taskName": null}
{"timestamp": "2025-06-29T18:12:59.584580", "level": "INFO", "logger": "sqlalchemy.orm.mapper.Mapper", "message": "(HealthAttributes|health_attributes) _configure_property(id, Column)", "module": "mapper", "function": "_log", "line": 2471, "taskName": null}
{"timestamp": "2025-06-29T18:12:59.584667", "level": "INFO", "logger": "sqlalchemy.orm.mapper.Mapper", "message": "(HealthAttributes|health_attributes) _configure_property(user_id, Column)", "module": "mapper", "function": "_log", "line": 2471, "taskName": null}
{"timestamp": "2025-06-29T18:12:59.584746", "level": "INFO", "logger": "sqlalchemy.orm.mapper.Mapper", "message": "(HealthAttributes|health_attributes) _configure_property(profile_id, Column)", "module": "mapper", "function": "_log", "line": 2471, "taskName": null}
{"timestamp": "2025-06-29T18:12:59.584833", "level": "INFO", "logger": "sqlalchemy.orm.mapper.Mapper", "message": "(HealthAttributes|health_attributes) _configure_property(height_cm, Column)", "module": "mapper", "function": "_log", "line": 2471, "taskName": null}
{"timestamp": "2025-06-29T18:12:59.584938", "level": "INFO", "logger": "sqlalchemy.orm.mapper.Mapper", "message": "(HealthAttributes|health_attributes) _configure_property(weight_kg, Column)", "module": "mapper", "function": "_log", "line": 2471, "taskName": null}
{"timestamp": "2025-06-29T18:12:59.585002", "level": "INFO", "logger": "sqlalchemy.orm.mapper.Mapper", "message": "(HealthAttributes|health_attributes) _configure_property(bmi, Column)", "module": "mapper", "function": "_log", "line": 2471, "taskName": null}
{"timestamp": "2025-06-29T18:12:59.585049", "level": "INFO", "logger": "sqlalchemy.orm.mapper.Mapper", "message": "(HealthAttributes|health_attributes) _configure_property(body_fat_percentage, Column)", "module": "mapper", "function": "_log", "line": 2471, "taskName": null}
{"timestamp": "2025-06-29T18:12:59.585091", "level": "INFO", "logger": "sqlalchemy.orm.mapper.Mapper", "message": "(HealthAttributes|health_attributes) _configure_property(muscle_mass_kg, Column)", "module": "mapper", "function": "_log", "line": 2471, "taskName": null}
{"timestamp": "2025-06-29T18:12:59.585134", "level": "INFO", "logger": "sqlalchemy.orm.mapper.Mapper", "message": "(HealthAttributes|health_attributes) _configure_property(waist_circumference_cm, Column)", "module": "mapper", "function": "_log", "line": 2471, "taskName": null}
{"timestamp": "2025-06-29T18:12:59.585179", "level": "INFO", "logger": "sqlalchemy.orm.mapper.Mapper", "message": "(HealthAttributes|health_attributes) _configure_property(hip_circumference_cm, Column)", "module": "mapper", "function": "_log", "line": 2471, "taskName": null}
{"timestamp": "2025-06-29T18:12:59.585324", "level": "INFO", "logger": "sqlalchemy.orm.mapper.Mapper", "message": "(HealthAttributes|health_attributes) _configure_property(body_water_percentage, Column)", "module": "mapper", "function": "_log", "line": 2471, "taskName": null}
{"timestamp": "2025-06-29T18:12:59.585389", "level": "INFO", "logger": "sqlalchemy.orm.mapper.Mapper", "message": "(HealthAttributes|health_attributes) _configure_property(resting_heart_rate, Column)", "module": "mapper", "function": "_log", "line": 2471, "taskName": null}
{"timestamp": "2025-06-29T18:12:59.585438", "level": "INFO", "logger": "sqlalchemy.orm.mapper.Mapper", "message": "(HealthAttributes|health_attributes) _configure_property(blood_pressure_systolic, Column)", "module": "mapper", "function": "_log", "line": 2471, "taskName": null}
{"timestamp": "2025-06-29T18:12:59.585483", "level": "INFO", "logger": "sqlalchemy.orm.mapper.Mapper", "message": "(HealthAttributes|health_attributes) _configure_property(blood_pressure_diastolic, Column)", "module": "mapper", "function": "_log", "line": 2471, "taskName": null}
{"timestamp": "2025-06-29T18:12:59.585524", "level": "INFO", "logger": "sqlalchemy.orm.mapper.Mapper", "message": "(HealthAttributes|health_attributes) _configure_property(oxygen_saturation, Column)", "module": "mapper", "function": "_log", "line": 2471, "taskName": null}
{"timestamp": "2025-06-29T18:12:59.585567", "level": "INFO", "logger": "sqlalchemy.orm.mapper.Mapper", "message": "(HealthAttributes|health_attributes) _configure_property(body_temperature, Column)", "module": "mapper", "function": "_log", "line": 2471, "taskName": null}
{"timestamp": "2025-06-29T18:12:59.585619", "level": "INFO", "logger": "sqlalchemy.orm.mapper.Mapper", "message": "(HealthAttributes|health_attributes) _configure_property(primary_health_goal, Column)", "module": "mapper", "function": "_log", "line": 2471, "taskName": null}
{"timestamp": "2025-06-29T18:12:59.585677", "level": "INFO", "logger": "sqlalchemy.orm.mapper.Mapper", "message": "(HealthAttributes|health_attributes) _configure_property(secondary_health_goals, Column)", "module": "mapper", "function": "_log", "line": 2471, "taskName": null}
{"timestamp": "2025-06-29T18:12:59.585724", "level": "INFO", "logger": "sqlalchemy.orm.mapper.Mapper", "message": "(HealthAttributes|health_attributes) _configure_property(target_weight_kg, Column)", "module": "mapper", "function": "_log", "line": 2471, "taskName": null}
{"timestamp": "2025-06-29T18:12:59.585770", "level": "INFO", "logger": "sqlalchemy.orm.mapper.Mapper", "message": "(HealthAttributes|health_attributes) _configure_property(target_bmi, Column)", "module": "mapper", "function": "_log", "line": 2471, "taskName": null}
{"timestamp": "2025-06-29T18:12:59.585814", "level": "INFO", "logger": "sqlalchemy.orm.mapper.Mapper", "message": "(HealthAttributes|health_attributes) _configure_property(target_resting_heart_rate, Column)", "module": "mapper", "function": "_log", "line": 2471, "taskName": null}
{"timestamp": "2025-06-29T18:12:59.585864", "level": "INFO", "logger": "sqlalchemy.orm.mapper.Mapper", "message": "(HealthAttributes|health_attributes) _configure_property(target_blood_pressure_systolic, Column)", "module": "mapper", "function": "_log", "line": 2471, "taskName": null}
{"timestamp": "2025-06-29T18:12:59.585906", "level": "INFO", "logger": "sqlalchemy.orm.mapper.Mapper", "message": "(HealthAttributes|health_attributes) _configure_property(target_blood_pressure_diastolic, Column)", "module": "mapper", "function": "_log", "line": 2471, "taskName": null}
{"timestamp": "2025-06-29T18:12:59.585950", "level": "INFO", "logger": "sqlalchemy.orm.mapper.Mapper", "message": "(HealthAttributes|health_attributes) _configure_property(daily_step_goal, Column)", "module": "mapper", "function": "_log", "line": 2471, "taskName": null}
{"timestamp": "2025-06-29T18:12:59.585988", "level": "INFO", "logger": "sqlalchemy.orm.mapper.Mapper", "message": "(HealthAttributes|health_attributes) _configure_property(weekly_workout_goal, Column)", "module": "mapper", "function": "_log", "line": 2471, "taskName": null}
{"timestamp": "2025-06-29T18:12:59.586033", "level": "INFO", "logger": "sqlalchemy.orm.mapper.Mapper", "message": "(HealthAttributes|health_attributes) _configure_property(daily_active_minutes_goal, Column)", "module": "mapper", "function": "_log", "line": 2471, "taskName": null}
{"timestamp": "2025-06-29T18:12:59.586075", "level": "INFO", "logger": "sqlalchemy.orm.mapper.Mapper", "message": "(HealthAttributes|health_attributes) _configure_property(weekly_cardio_minutes_goal, Column)", "module": "mapper", "function": "_log", "line": 2471, "taskName": null}
{"timestamp": "2025-06-29T18:12:59.586124", "level": "INFO", "logger": "sqlalchemy.orm.mapper.Mapper", "message": "(HealthAttributes|health_attributes) _configure_property(smoking_status, Column)", "module": "mapper", "function": "_log", "line": 2471, "taskName": null}
{"timestamp": "2025-06-29T18:12:59.586168", "level": "INFO", "logger": "sqlalchemy.orm.mapper.Mapper", "message": "(HealthAttributes|health_attributes) _configure_property(alcohol_consumption, Column)", "module": "mapper", "function": "_log", "line": 2471, "taskName": null}
{"timestamp": "2025-06-29T18:12:59.586211", "level": "INFO", "logger": "sqlalchemy.orm.mapper.Mapper", "message": "(HealthAttributes|health_attributes) _configure_property(family_history_diabetes, Column)", "module": "mapper", "function": "_log", "line": 2471, "taskName": null}
{"timestamp": "2025-06-29T18:12:59.586250", "level": "INFO", "logger": "sqlalchemy.orm.mapper.Mapper", "message": "(HealthAttributes|health_attributes) _configure_property(family_history_heart_disease, Column)", "module": "mapper", "function": "_log", "line": 2471, "taskName": null}
{"timestamp": "2025-06-29T18:12:59.586500", "level": "INFO", "logger": "sqlalchemy.orm.mapper.Mapper", "message": "(HealthAttributes|health_attributes) _configure_property(family_history_cancer, Column)", "module": "mapper", "function": "_log", "line": 2471, "taskName": null}
{"timestamp": "2025-06-29T18:12:59.586564", "level": "INFO", "logger": "sqlalchemy.orm.mapper.Mapper", "message": "(HealthAttributes|health_attributes) _configure_property(family_history_hypertension, Column)", "module": "mapper", "function": "_log", "line": 2471, "taskName": null}
{"timestamp": "2025-06-29T18:12:59.586612", "level": "INFO", "logger": "sqlalchemy.orm.mapper.Mapper", "message": "(HealthAttributes|health_attributes) _configure_property(has_diabetes, Column)", "module": "mapper", "function": "_log", "line": 2471, "taskName": null}
{"timestamp": "2025-06-29T18:12:59.586663", "level": "INFO", "logger": "sqlalchemy.orm.mapper.Mapper", "message": "(HealthAttributes|health_attributes) _configure_property(has_hypertension, Column)", "module": "mapper", "function": "_log", "line": 2471, "taskName": null}
{"timestamp": "2025-06-29T18:12:59.586706", "level": "INFO", "logger": "sqlalchemy.orm.mapper.Mapper", "message": "(HealthAttributes|health_attributes) _configure_property(has_heart_disease, Column)", "module": "mapper", "function": "_log", "line": 2471, "taskName": null}
{"timestamp": "2025-06-29T18:12:59.586751", "level": "INFO", "logger": "sqlalchemy.orm.mapper.Mapper", "message": "(HealthAttributes|health_attributes) _configure_property(has_asthma, Column)", "module": "mapper", "function": "_log", "line": 2471, "taskName": null}
{"timestamp": "2025-06-29T18:12:59.586795", "level": "INFO", "logger": "sqlalchemy.orm.mapper.Mapper", "message": "(HealthAttributes|health_attributes) _configure_property(has_arthritis, Column)", "module": "mapper", "function": "_log", "line": 2471, "taskName": null}
{"timestamp": "2025-06-29T18:12:59.586834", "level": "INFO", "logger": "sqlalchemy.orm.mapper.Mapper", "message": "(HealthAttributes|health_attributes) _configure_property(has_depression, Column)", "module": "mapper", "function": "_log", "line": 2471, "taskName": null}
{"timestamp": "2025-06-29T18:12:59.586872", "level": "INFO", "logger": "sqlalchemy.orm.mapper.Mapper", "message": "(HealthAttributes|health_attributes) _configure_property(has_anxiety, Column)", "module": "mapper", "function": "_log", "line": 2471, "taskName": null}
{"timestamp": "2025-06-29T18:12:59.586911", "level": "INFO", "logger": "sqlalchemy.orm.mapper.Mapper", "message": "(HealthAttributes|health_attributes) _configure_property(has_sleep_apnea, Column)", "module": "mapper", "function": "_log", "line": 2471, "taskName": null}
{"timestamp": "2025-06-29T18:12:59.586952", "level": "INFO", "logger": "sqlalchemy.orm.mapper.Mapper", "message": "(HealthAttributes|health_attributes) _configure_property(sleep_hours_per_night, Column)", "module": "mapper", "function": "_log", "line": 2471, "taskName": null}
{"timestamp": "2025-06-29T18:12:59.586990", "level": "INFO", "logger": "sqlalchemy.orm.mapper.Mapper", "message": "(HealthAttributes|health_attributes) _configure_property(stress_level, Column)", "module": "mapper", "function": "_log", "line": 2471, "taskName": null}
{"timestamp": "2025-06-29T18:12:59.587031", "level": "INFO", "logger": "sqlalchemy.orm.mapper.Mapper", "message": "(HealthAttributes|health_attributes) _configure_property(diet_type, Column)", "module": "mapper", "function": "_log", "line": 2471, "taskName": null}
{"timestamp": "2025-06-29T18:12:59.587068", "level": "INFO", "logger": "sqlalchemy.orm.mapper.Mapper", "message": "(HealthAttributes|health_attributes) _configure_property(exercise_frequency, Column)", "module": "mapper", "function": "_log", "line": 2471, "taskName": null}
{"timestamp": "2025-06-29T18:12:59.587108", "level": "INFO", "logger": "sqlalchemy.orm.mapper.Mapper", "message": "(HealthAttributes|health_attributes) _configure_property(sedentary_hours_per_day, Column)", "module": "mapper", "function": "_log", "line": 2471, "taskName": null}
{"timestamp": "2025-06-29T18:12:59.587149", "level": "INFO", "logger": "sqlalchemy.orm.mapper.Mapper", "message": "(HealthAttributes|health_attributes) _configure_property(overall_health_score, Column)", "module": "mapper", "function": "_log", "line": 2471, "taskName": null}
{"timestamp": "2025-06-29T18:12:59.587196", "level": "INFO", "logger": "sqlalchemy.orm.mapper.Mapper", "message": "(HealthAttributes|health_attributes) _configure_property(cardiovascular_risk_score, Column)", "module": "mapper", "function": "_log", "line": 2471, "taskName": null}
{"timestamp": "2025-06-29T18:12:59.587237", "level": "INFO", "logger": "sqlalchemy.orm.mapper.Mapper", "message": "(HealthAttributes|health_attributes) _configure_property(diabetes_risk_score, Column)", "module": "mapper", "function": "_log", "line": 2471, "taskName": null}
{"timestamp": "2025-06-29T18:12:59.587274", "level": "INFO", "logger": "sqlalchemy.orm.mapper.Mapper", "message": "(HealthAttributes|health_attributes) _configure_property(obesity_risk_score, Column)", "module": "mapper", "function": "_log", "line": 2471, "taskName": null}
{"timestamp": "2025-06-29T18:12:59.587312", "level": "INFO", "logger": "sqlalchemy.orm.mapper.Mapper", "message": "(HealthAttributes|health_attributes) _configure_property(custom_health_data, Column)", "module": "mapper", "function": "_log", "line": 2471, "taskName": null}
{"timestamp": "2025-06-29T18:12:59.587355", "level": "INFO", "logger": "sqlalchemy.orm.mapper.Mapper", "message": "(HealthAttributes|health_attributes) _configure_property(last_updated, Column)", "module": "mapper", "function": "_log", "line": 2471, "taskName": null}
{"timestamp": "2025-06-29T18:12:59.587393", "level": "INFO", "logger": "sqlalchemy.orm.mapper.Mapper", "message": "(HealthAttributes|health_attributes) _configure_property(created_at, Column)", "module": "mapper", "function": "_log", "line": 2471, "taskName": null}
{"timestamp": "2025-06-29T18:12:59.587524", "level": "INFO", "logger": "sqlalchemy.orm.mapper.Mapper", "message": "(HealthAttributes|health_attributes) Identified primary key columns: OrderedSet([Column('id', Integer(), table=<health_attributes>, primary_key=True, nullable=False)])", "module": "mapper", "function": "_log", "line": 2471, "taskName": null}
{"timestamp": "2025-06-29T18:12:59.587666", "level": "INFO", "logger": "sqlalchemy.orm.mapper.Mapper", "message": "(HealthAttributes|health_attributes) constructed", "module": "mapper", "function": "_log", "line": 2471, "taskName": null}
{"timestamp": "2025-06-29T18:12:59.609115", "level": "INFO", "logger": "sqlalchemy.orm.mapper.Mapper", "message": "(PrivacySettings|privacy_settings) _configure_property(user, _RelationshipDeclared)", "module": "mapper", "function": "_log", "line": 2471, "taskName": null}
{"timestamp": "2025-06-29T18:12:59.609188", "level": "INFO", "logger": "sqlalchemy.orm.mapper.Mapper", "message": "(PrivacySettings|privacy_settings) _configure_property(profile, _RelationshipDeclared)", "module": "mapper", "function": "_log", "line": 2471, "taskName": null}
{"timestamp": "2025-06-29T18:12:59.609245", "level": "INFO", "logger": "sqlalchemy.orm.mapper.Mapper", "message": "(PrivacySettings|privacy_settings) _configure_property(id, Column)", "module": "mapper", "function": "_log", "line": 2471, "taskName": null}
{"timestamp": "2025-06-29T18:12:59.609311", "level": "INFO", "logger": "sqlalchemy.orm.mapper.Mapper", "message": "(PrivacySettings|privacy_settings) _configure_property(user_id, Column)", "module": "mapper", "function": "_log", "line": 2471, "taskName": null}
{"timestamp": "2025-06-29T18:12:59.609364", "level": "INFO", "logger": "sqlalchemy.orm.mapper.Mapper", "message": "(PrivacySettings|privacy_settings) _configure_property(profile_id, Column)", "module": "mapper", "function": "_log", "line": 2471, "taskName": null}
{"timestamp": "2025-06-29T18:12:59.609413", "level": "INFO", "logger": "sqlalchemy.orm.mapper.Mapper", "message": "(PrivacySettings|privacy_settings) _configure_property(profile_visibility, Column)", "module": "mapper", "function": "_log", "line": 2471, "taskName": null}
{"timestamp": "2025-06-29T18:12:59.609460", "level": "INFO", "logger": "sqlalchemy.orm.mapper.Mapper", "message": "(PrivacySettings|privacy_settings) _configure_property(allow_profile_search, Column)", "module": "mapper", "function": "_log", "line": 2471, "taskName": null}
{"timestamp": "2025-06-29T18:12:59.609522", "level": "INFO", "logger": "sqlalchemy.orm.mapper.Mapper", "message": "(PrivacySettings|privacy_settings) _configure_property(show_online_status, Column)", "module": "mapper", "function": "_log", "line": 2471, "taskName": null}
{"timestamp": "2025-06-29T18:12:59.609566", "level": "INFO", "logger": "sqlalchemy.orm.mapper.Mapper", "message": "(PrivacySettings|privacy_settings) _configure_property(share_personal_info, Column)", "module": "mapper", "function": "_log", "line": 2471, "taskName": null}
{"timestamp": "2025-06-29T18:12:59.609610", "level": "INFO", "logger": "sqlalchemy.orm.mapper.Mapper", "message": "(PrivacySettings|privacy_settings) _configure_property(share_health_data, Column)", "module": "mapper", "function": "_log", "line": 2471, "taskName": null}
{"timestamp": "2025-06-29T18:12:59.609655", "level": "INFO", "logger": "sqlalchemy.orm.mapper.Mapper", "message": "(PrivacySettings|privacy_settings) _configure_property(share_medical_records, Column)", "module": "mapper", "function": "_log", "line": 2471, "taskName": null}
{"timestamp": "2025-06-29T18:12:59.609703", "level": "INFO", "logger": "sqlalchemy.orm.mapper.Mapper", "message": "(PrivacySettings|privacy_settings) _configure_property(share_activity_data, Column)", "module": "mapper", "function": "_log", "line": 2471, "taskName": null}
{"timestamp": "2025-06-29T18:12:59.609752", "level": "INFO", "logger": "sqlalchemy.orm.mapper.Mapper", "message": "(PrivacySettings|privacy_settings) _configure_property(share_nutrition_data, Column)", "module": "mapper", "function": "_log", "line": 2471, "taskName": null}
{"timestamp": "2025-06-29T18:12:59.609802", "level": "INFO", "logger": "sqlalchemy.orm.mapper.Mapper", "message": "(PrivacySettings|privacy_settings) _configure_property(share_sleep_data, Column)", "module": "mapper", "function": "_log", "line": 2471, "taskName": null}
{"timestamp": "2025-06-29T18:12:59.609847", "level": "INFO", "logger": "sqlalchemy.orm.mapper.Mapper", "message": "(PrivacySettings|privacy_settings) _configure_property(share_location_data, Column)", "module": "mapper", "function": "_log", "line": 2471, "taskName": null}
{"timestamp": "2025-06-29T18:12:59.609893", "level": "INFO", "logger": "sqlalchemy.orm.mapper.Mapper", "message": "(PrivacySettings|privacy_settings) _configure_property(share_device_data, Column)", "module": "mapper", "function": "_log", "line": 2471, "taskName": null}
{"timestamp": "2025-06-29T18:12:59.609938", "level": "INFO", "logger": "sqlalchemy.orm.mapper.Mapper", "message": "(PrivacySettings|privacy_settings) _configure_property(share_with_primary_care, Column)", "module": "mapper", "function": "_log", "line": 2471, "taskName": null}
{"timestamp": "2025-06-29T18:12:59.609984", "level": "INFO", "logger": "sqlalchemy.orm.mapper.Mapper", "message": "(PrivacySettings|privacy_settings) _configure_property(share_with_specialists, Column)", "module": "mapper", "function": "_log", "line": 2471, "taskName": null}
{"timestamp": "2025-06-29T18:12:59.610030", "level": "INFO", "logger": "sqlalchemy.orm.mapper.Mapper", "message": "(PrivacySettings|privacy_settings) _configure_property(share_with_emergency_services, Column)", "module": "mapper", "function": "_log", "line": 2471, "taskName": null}
{"timestamp": "2025-06-29T18:12:59.610079", "level": "INFO", "logger": "sqlalchemy.orm.mapper.Mapper", "message": "(PrivacySettings|privacy_settings) _configure_property(share_with_pharmacies, Column)", "module": "mapper", "function": "_log", "line": 2471, "taskName": null}
{"timestamp": "2025-06-29T18:12:59.610125", "level": "INFO", "logger": "sqlalchemy.orm.mapper.Mapper", "message": "(PrivacySettings|privacy_settings) _configure_property(share_with_insurance, Column)", "module": "mapper", "function": "_log", "line": 2471, "taskName": null}
{"timestamp": "2025-06-29T18:12:59.610168", "level": "INFO", "logger": "sqlalchemy.orm.mapper.Mapper", "message": "(PrivacySettings|privacy_settings) _configure_property(share_for_research, Column)", "module": "mapper", "function": "_log", "line": 2471, "taskName": null}
{"timestamp": "2025-06-29T18:12:59.610224", "level": "INFO", "logger": "sqlalchemy.orm.mapper.Mapper", "message": "(PrivacySettings|privacy_settings) _configure_property(share_for_analytics, Column)", "module": "mapper", "function": "_log", "line": 2471, "taskName": null}
{"timestamp": "2025-06-29T18:12:59.610269", "level": "INFO", "logger": "sqlalchemy.orm.mapper.Mapper", "message": "(PrivacySettings|privacy_settings) _configure_property(share_for_ai_training, Column)", "module": "mapper", "function": "_log", "line": 2471, "taskName": null}
{"timestamp": "2025-06-29T18:12:59.610315", "level": "INFO", "logger": "sqlalchemy.orm.mapper.Mapper", "message": "(PrivacySettings|privacy_settings) _configure_property(share_for_public_health, Column)", "module": "mapper", "function": "_log", "line": 2471, "taskName": null}
{"timestamp": "2025-06-29T18:12:59.610361", "level": "INFO", "logger": "sqlalchemy.orm.mapper.Mapper", "message": "(PrivacySettings|privacy_settings) _configure_property(share_with_family_members, Column)", "module": "mapper", "function": "_log", "line": 2471, "taskName": null}
{"timestamp": "2025-06-29T18:12:59.610404", "level": "INFO", "logger": "sqlalchemy.orm.mapper.Mapper", "message": "(PrivacySettings|privacy_settings) _configure_property(share_with_caregivers, Column)", "module": "mapper", "function": "_log", "line": 2471, "taskName": null}
{"timestamp": "2025-06-29T18:12:59.610449", "level": "INFO", "logger": "sqlalchemy.orm.mapper.Mapper", "message": "(PrivacySettings|privacy_settings) _configure_property(share_with_fitness_apps, Column)", "module": "mapper", "function": "_log", "line": 2471, "taskName": null}
{"timestamp": "2025-06-29T18:12:59.610496", "level": "INFO", "logger": "sqlalchemy.orm.mapper.Mapper", "message": "(PrivacySettings|privacy_settings) _configure_property(share_with_health_apps, Column)", "module": "mapper", "function": "_log", "line": 2471, "taskName": null}
{"timestamp": "2025-06-29T18:12:59.610546", "level": "INFO", "logger": "sqlalchemy.orm.mapper.Mapper", "message": "(PrivacySettings|privacy_settings) _configure_property(data_retention_period, Column)", "module": "mapper", "function": "_log", "line": 2471, "taskName": null}
{"timestamp": "2025-06-29T18:12:59.610588", "level": "INFO", "logger": "sqlalchemy.orm.mapper.Mapper", "message": "(PrivacySettings|privacy_settings) _configure_property(auto_delete_inactive, Column)", "module": "mapper", "function": "_log", "line": 2471, "taskName": null}
{"timestamp": "2025-06-29T18:12:59.610633", "level": "INFO", "logger": "sqlalchemy.orm.mapper.Mapper", "message": "(PrivacySettings|privacy_settings) _configure_property(delete_on_account_closure, Column)", "module": "mapper", "function": "_log", "line": 2471, "taskName": null}
{"timestamp": "2025-06-29T18:12:59.610676", "level": "INFO", "logger": "sqlalchemy.orm.mapper.Mapper", "message": "(PrivacySettings|privacy_settings) _configure_property(notify_data_access, Column)", "module": "mapper", "function": "_log", "line": 2471, "taskName": null}
{"timestamp": "2025-06-29T18:12:59.610719", "level": "INFO", "logger": "sqlalchemy.orm.mapper.Mapper", "message": "(PrivacySettings|privacy_settings) _configure_property(notify_data_sharing, Column)", "module": "mapper", "function": "_log", "line": 2471, "taskName": null}
{"timestamp": "2025-06-29T18:12:59.610762", "level": "INFO", "logger": "sqlalchemy.orm.mapper.Mapper", "message": "(PrivacySettings|privacy_settings) _configure_property(notify_privacy_changes, Column)", "module": "mapper", "function": "_log", "line": 2471, "taskName": null}
{"timestamp": "2025-06-29T18:12:59.610805", "level": "INFO", "logger": "sqlalchemy.orm.mapper.Mapper", "message": "(PrivacySettings|privacy_settings) _configure_property(notify_breach_alerts, Column)", "module": "mapper", "function": "_log", "line": 2471, "taskName": null}
{"timestamp": "2025-06-29T18:12:59.610845", "level": "INFO", "logger": "sqlalchemy.orm.mapper.Mapper", "message": "(PrivacySettings|privacy_settings) _configure_property(consent_history, Column)", "module": "mapper", "function": "_log", "line": 2471, "taskName": null}
{"timestamp": "2025-06-29T18:12:59.610891", "level": "INFO", "logger": "sqlalchemy.orm.mapper.Mapper", "message": "(PrivacySettings|privacy_settings) _configure_property(consent_expiry_dates, Column)", "module": "mapper", "function": "_log", "line": 2471, "taskName": null}
{"timestamp": "2025-06-29T18:12:59.610933", "level": "INFO", "logger": "sqlalchemy.orm.mapper.Mapper", "message": "(PrivacySettings|privacy_settings) _configure_property(consent_renewal_reminders, Column)", "module": "mapper", "function": "_log", "line": 2471, "taskName": null}
{"timestamp": "2025-06-29T18:12:59.610976", "level": "INFO", "logger": "sqlalchemy.orm.mapper.Mapper", "message": "(PrivacySettings|privacy_settings) _configure_property(enable_data_encryption, Column)", "module": "mapper", "function": "_log", "line": 2471, "taskName": null}
{"timestamp": "2025-06-29T18:12:59.611016", "level": "INFO", "logger": "sqlalchemy.orm.mapper.Mapper", "message": "(PrivacySettings|privacy_settings) _configure_property(enable_two_factor_auth, Column)", "module": "mapper", "function": "_log", "line": 2471, "taskName": null}
{"timestamp": "2025-06-29T18:12:59.611054", "level": "INFO", "logger": "sqlalchemy.orm.mapper.Mapper", "message": "(PrivacySettings|privacy_settings) _configure_property(enable_audit_logging, Column)", "module": "mapper", "function": "_log", "line": 2471, "taskName": null}
{"timestamp": "2025-06-29T18:12:59.611098", "level": "INFO", "logger": "sqlalchemy.orm.mapper.Mapper", "message": "(PrivacySettings|privacy_settings) _configure_property(enable_data_export, Column)", "module": "mapper", "function": "_log", "line": 2471, "taskName": null}
{"timestamp": "2025-06-29T18:12:59.611147", "level": "INFO", "logger": "sqlalchemy.orm.mapper.Mapper", "message": "(PrivacySettings|privacy_settings) _configure_property(custom_privacy_rules, Column)", "module": "mapper", "function": "_log", "line": 2471, "taskName": null}
{"timestamp": "2025-06-29T18:12:59.611191", "level": "INFO", "logger": "sqlalchemy.orm.mapper.Mapper", "message": "(PrivacySettings|privacy_settings) _configure_property(last_updated, Column)", "module": "mapper", "function": "_log", "line": 2471, "taskName": null}
{"timestamp": "2025-06-29T18:12:59.611231", "level": "INFO", "logger": "sqlalchemy.orm.mapper.Mapper", "message": "(PrivacySettings|privacy_settings) _configure_property(created_at, Column)", "module": "mapper", "function": "_log", "line": 2471, "taskName": null}
{"timestamp": "2025-06-29T18:12:59.611360", "level": "INFO", "logger": "sqlalchemy.orm.mapper.Mapper", "message": "(PrivacySettings|privacy_settings) Identified primary key columns: OrderedSet([Column('id', Integer(), table=<privacy_settings>, primary_key=True, nullable=False)])", "module": "mapper", "function": "_log", "line": 2471, "taskName": null}
{"timestamp": "2025-06-29T18:12:59.611413", "level": "INFO", "logger": "sqlalchemy.orm.mapper.Mapper", "message": "(PrivacySettings|privacy_settings) constructed", "module": "mapper", "function": "_log", "line": 2471, "taskName": null}
{"timestamp": "2025-06-29T18:12:59.741530", "level": "INFO", "logger": "root", "message": "Logging configured with level: INFO", "module": "logging", "function": "setup_logging", "line": 237, "taskName": null}
{"timestamp": "2025-06-29T18:12:59.762636", "level": "INFO", "logger": "__main__", "message": "{\"event\": \"OpenTelemetry configured\", \"logger\": \"__main__\", \"level\": \"info\", \"timestamp\": \"2025-06-29T18:12:59.762535Z\"}", "module": "main", "function": "<module>", "line": 93, "taskName": null}
